2025-02-19 15:30:19,549 - INFO - CNN-6_CIFAR10_batch_128 - Starting Training | Model: CNN-6 | Dataset: CIFAR10 | Batch Size: 128
2025-02-19 15:30:24,469 - INFO - CNN-6_CIFAR10_batch_128 - Hook registered on classifier layer 4.
2025-02-19 15:30:24,471 - INFO - CNN-6_CIFAR10_batch_128 - Epoch 1/300 | Model: CNN-6 | Dataset: CIFAR10
2025-02-19 15:30:41,250 - INFO - CNN-6_CIFAR10_batch_128 - 🔎 Computing unique activation patterns for 50000 samples...
2025-02-19 15:30:41,281 - DEBUG - CNN-6_CIFAR10_batch_128 - First activation row (before binarization):
[0.01509094 0.         0.06799316 0.04489136 0.         0.00275803
 0.00748825 0.1829834  0.11523438 0.04226685 0.06225586 0.00182724
 0.03092957 0.         0.         0.         0.         0.03140259
 0.05160522 0.00163841 0.03533936 0.         0.0198822  0.07312012
 0.         0.01039124 0.03083801 0.01329803 0.         0.12963867
 0.         0.07855225 0.13366699 0.         0.03607178 0.
 0.06384277 0.02868652 0.06494141 0.01376343 0.         0.
 0.03622437 0.06500244 0.01222992 0.         0.0065918  0.1673584
 0.01282501 0.         0.         0.         0.         0.
 0.         0.05337524 0.         0.06945801 0.         0.
 0.         0.         0.         0.         0.         0.
 0.0395813  0.02037048 0.         0.         0.         0.01033783
 0.         0.02278137 0.         0.         0.         0.
 0.07067871 0.         0.         0.06866455 0.         0.
 0.         0.         0.         0.         0.0147171  0.
 0.         0.         0.         0.         0.         0.
 0.         0.08728027 0.         0.         0.02081299 0.0352478
 0.02059937 0.02339172 0.         0.         0.00135517 0.08435059
 0.         0.         0.         0.09851074 0.         0.08917236
 0.02326965 0.05947876 0.07305908 0.         0.08148193 0.1850586
 0.         0.11975098 0.         0.         0.         0.
 0.         0.0461731 ]
2025-02-19 15:30:41,281 - DEBUG - CNN-6_CIFAR10_batch_128 - First binarized pattern:
[ 1. -1.  1.  1. -1.  1.  1.  1.  1.  1.  1.  1.  1. -1. -1. -1. -1.  1.
  1.  1.  1. -1.  1.  1. -1.  1.  1.  1. -1.  1. -1.  1.  1. -1.  1. -1.
  1.  1.  1.  1. -1. -1.  1.  1.  1. -1.  1.  1.  1. -1. -1. -1. -1. -1.
 -1.  1. -1.  1. -1. -1. -1. -1. -1. -1. -1. -1.  1.  1. -1. -1. -1.  1.
 -1.  1. -1. -1. -1. -1.  1. -1. -1.  1. -1. -1. -1. -1. -1. -1.  1. -1.
 -1. -1. -1. -1. -1. -1. -1.  1. -1. -1.  1.  1.  1.  1. -1. -1.  1.  1.
 -1. -1. -1.  1. -1.  1.  1.  1.  1. -1.  1.  1. -1.  1. -1. -1. -1. -1.
 -1.  1.]
2025-02-19 15:30:41,694 - INFO - CNN-6_CIFAR10_batch_128 - Total Unique Activation Patterns Found: 21545
2025-02-19 15:30:43,765 - INFO - CNN-6_CIFAR10_batch_128 - Epoch 1/300 | Loss: 825.7250 | Train Acc: 19.94%
2025-02-19 15:30:43,768 - INFO - CNN-6_CIFAR10_batch_128 - Epoch 2/300 | Model: CNN-6 | Dataset: CIFAR10
2025-02-19 15:30:56,040 - INFO - CNN-6_CIFAR10_batch_128 - 🔎 Computing unique activation patterns for 50000 samples...
2025-02-19 15:30:56,061 - DEBUG - CNN-6_CIFAR10_batch_128 - First activation row (before binarization):
[5.4589844e-01 0.0000000e+00 1.5439453e+00 0.0000000e+00 0.0000000e+00
 0.0000000e+00 1.9521484e+00 5.8642578e-01 0.0000000e+00 0.0000000e+00
 0.0000000e+00 0.0000000e+00 0.0000000e+00 5.8105469e-01 0.0000000e+00
 0.0000000e+00 0.0000000e+00 0.0000000e+00 1.4296875e+00 1.6914062e+00
 3.5766602e-01 0.0000000e+00 5.7324219e-01 2.2082520e-01 0.0000000e+00
 2.4550781e+00 6.8542480e-02 0.0000000e+00 4.0435791e-02 4.8730469e-01
 0.0000000e+00 0.0000000e+00 0.0000000e+00 0.0000000e+00 0.0000000e+00
 7.5244141e-01 2.4157715e-01 0.0000000e+00 0.0000000e+00 0.0000000e+00
 0.0000000e+00 0.0000000e+00 2.1923828e-01 0.0000000e+00 2.8991699e-02
 0.0000000e+00 1.7021484e+00 0.0000000e+00 5.6445312e-01 0.0000000e+00
 8.1689453e-01 0.0000000e+00 4.5471191e-03 1.4462891e+00 6.4892578e-01
 1.4062500e+00 0.0000000e+00 0.0000000e+00 0.0000000e+00 0.0000000e+00
 0.0000000e+00 8.4960938e-02 0.0000000e+00 1.4580078e+00 0.0000000e+00
 1.4531250e+00 0.0000000e+00 0.0000000e+00 1.5823364e-02 1.7333984e-02
 0.0000000e+00 0.0000000e+00 2.6107788e-02 1.0234375e+00 1.5942383e-01
 6.2451172e-01 0.0000000e+00 4.2285156e-01 1.2880859e+00 8.6608887e-02
 0.0000000e+00 1.6728516e+00 0.0000000e+00 2.2302246e-01 0.0000000e+00
 3.3300781e-01 0.0000000e+00 0.0000000e+00 0.0000000e+00 0.0000000e+00
 4.0924072e-02 0.0000000e+00 0.0000000e+00 2.1542969e+00 1.3494492e-03
 5.6640625e-01 0.0000000e+00 0.0000000e+00 2.9150391e-01 0.0000000e+00
 9.8583984e-01 4.1723633e-01 0.0000000e+00 5.2294922e-01 0.0000000e+00
 0.0000000e+00 0.0000000e+00 0.0000000e+00 0.0000000e+00 0.0000000e+00
 1.9755859e+00 5.6298828e-01 0.0000000e+00 2.5634766e-01 4.0649414e-02
 0.0000000e+00 3.5913086e-01 0.0000000e+00 2.9125977e-01 0.0000000e+00
 0.0000000e+00 0.0000000e+00 1.3076172e+00 4.4921875e-01 0.0000000e+00
 0.0000000e+00 3.7768555e-01 0.0000000e+00]
2025-02-19 15:30:56,062 - DEBUG - CNN-6_CIFAR10_batch_128 - First binarized pattern:
[ 1. -1.  1. -1. -1. -1.  1.  1. -1. -1. -1. -1. -1.  1. -1. -1. -1. -1.
  1.  1.  1. -1.  1.  1. -1.  1.  1. -1.  1.  1. -1. -1. -1. -1. -1.  1.
  1. -1. -1. -1. -1. -1.  1. -1.  1. -1.  1. -1.  1. -1.  1. -1.  1.  1.
  1.  1. -1. -1. -1. -1. -1.  1. -1.  1. -1.  1. -1. -1.  1.  1. -1. -1.
  1.  1.  1.  1. -1.  1.  1.  1. -1.  1. -1.  1. -1.  1. -1. -1. -1. -1.
  1. -1. -1.  1.  1.  1. -1. -1.  1. -1.  1.  1. -1.  1. -1. -1. -1. -1.
 -1. -1.  1.  1. -1.  1.  1. -1.  1. -1.  1. -1. -1. -1.  1.  1. -1. -1.
  1. -1.]
2025-02-19 15:30:56,468 - INFO - CNN-6_CIFAR10_batch_128 - Total Unique Activation Patterns Found: 11501
2025-02-19 15:30:58,281 - INFO - CNN-6_CIFAR10_batch_128 - Epoch 2/300 | Loss: 815.2068 | Train Acc: 19.16%
2025-02-19 15:30:58,282 - INFO - CNN-6_CIFAR10_batch_128 - Epoch 3/300 | Model: CNN-6 | Dataset: CIFAR10
2025-02-19 15:31:10,539 - INFO - CNN-6_CIFAR10_batch_128 - 🔎 Computing unique activation patterns for 50000 samples...
2025-02-19 15:31:10,562 - DEBUG - CNN-6_CIFAR10_batch_128 - First activation row (before binarization):
[1.71508789e-01 7.80639648e-02 6.41601562e-01 6.41479492e-02
 5.66894531e-01 1.48071289e-01 8.14453125e-01 1.77612305e-01
 8.40820312e-01 2.47192383e-01 1.24282837e-02 8.95996094e-02
 7.53417969e-01 1.44531250e-01 1.66893005e-03 3.04687500e-01
 2.22563744e-04 6.54296875e-01 5.49804688e-01 7.48535156e-01
 4.50134277e-02 0.00000000e+00 1.45874023e-01 5.05676270e-02
 1.72882080e-02 9.56542969e-01 0.00000000e+00 0.00000000e+00
 0.00000000e+00 1.33544922e-01 9.02414322e-05 6.74316406e-01
 0.00000000e+00 6.73828125e-01 1.74072266e-01 2.33276367e-01
 5.68847656e-02 0.00000000e+00 3.07128906e-01 3.02490234e-01
 0.00000000e+00 1.55517578e-01 2.81677246e-02 4.90188599e-03
 0.00000000e+00 9.52758789e-02 6.38183594e-01 1.30233765e-02
 1.76147461e-01 5.90085983e-06 2.51464844e-01 0.00000000e+00
 1.36840820e-01 5.91796875e-01 1.66870117e-01 5.62011719e-01
 1.06155872e-04 1.70776367e-01 0.00000000e+00 3.43132019e-03
 6.70242310e-03 0.00000000e+00 1.28746033e-05 6.01074219e-01
 1.98730469e-01 4.87304688e-01 7.12402344e-01 2.00073242e-01
 1.37090683e-06 0.00000000e+00 7.61108398e-02 0.00000000e+00
 7.24792480e-03 3.62060547e-01 1.42288208e-02 1.58081055e-01
 2.32299805e-01 9.66796875e-02 4.94384766e-01 2.87294388e-05
 2.93701172e-01 7.65625000e-01 0.00000000e+00 4.11605835e-03
 1.17614746e-01 6.45751953e-02 8.11767578e-03 0.00000000e+00
 5.37414551e-02 6.19506836e-02 0.00000000e+00 0.00000000e+00
 1.75903320e-01 9.16503906e-01 7.24196434e-05 1.30249023e-01
 0.00000000e+00 5.11230469e-01 7.16552734e-02 8.69140625e-01
 3.21777344e-01 8.63647461e-02 1.29516602e-01 1.45874023e-01
 1.12792969e+00 1.82495117e-01 2.73437500e-01 4.44030762e-02
 0.00000000e+00 3.09814453e-01 6.71875000e-01 1.56494141e-01
 1.82861328e-01 4.56848145e-02 1.00994110e-03 2.75878906e-01
 9.06982422e-02 3.05175781e-05 4.27551270e-02 4.17968750e-01
 1.22363281e+00 3.41606140e-03 5.42480469e-01 9.76562500e-02
 0.00000000e+00 6.01562500e-01 4.75158691e-02 7.83203125e-01]
2025-02-19 15:31:10,563 - DEBUG - CNN-6_CIFAR10_batch_128 - First binarized pattern:
[ 1.  1.  1.  1.  1.  1.  1.  1.  1.  1.  1.  1.  1.  1.  1.  1.  1.  1.
  1.  1.  1. -1.  1.  1.  1.  1. -1. -1. -1.  1.  1.  1. -1.  1.  1.  1.
  1. -1.  1.  1. -1.  1.  1.  1. -1.  1.  1.  1.  1.  1.  1. -1.  1.  1.
  1.  1.  1.  1. -1.  1.  1. -1.  1.  1.  1.  1.  1.  1.  1. -1.  1. -1.
  1.  1.  1.  1.  1.  1.  1.  1.  1.  1. -1.  1.  1.  1.  1. -1.  1.  1.
 -1. -1.  1.  1.  1.  1. -1.  1.  1.  1.  1.  1.  1.  1.  1.  1.  1.  1.
 -1.  1.  1.  1.  1.  1.  1.  1.  1.  1.  1.  1.  1.  1.  1.  1. -1.  1.
  1.  1.]
2025-02-19 15:31:10,960 - INFO - CNN-6_CIFAR10_batch_128 - Total Unique Activation Patterns Found: 10547
2025-02-19 15:31:12,745 - INFO - CNN-6_CIFAR10_batch_128 - Epoch 3/300 | Loss: 809.2389 | Train Acc: 19.73%
2025-02-19 15:31:12,746 - INFO - CNN-6_CIFAR10_batch_128 - Epoch 4/300 | Model: CNN-6 | Dataset: CIFAR10
2025-02-19 15:31:24,776 - INFO - CNN-6_CIFAR10_batch_128 - 🔎 Computing unique activation patterns for 50000 samples...
2025-02-19 15:31:24,799 - DEBUG - CNN-6_CIFAR10_batch_128 - First activation row (before binarization):
[1.65649414e-01 3.19213867e-02 8.89160156e-01 2.84729004e-02
 7.15820312e-01 9.31396484e-02 1.13281250e+00 1.68579102e-01
 1.04492188e+00 2.13134766e-01 3.34739685e-03 2.90832520e-02
 9.32617188e-01 1.58081055e-01 8.60691071e-05 2.80273438e-01
 1.12652779e-05 7.80273438e-01 7.31445312e-01 1.01660156e+00
 5.21850586e-02 0.00000000e+00 1.24633789e-01 4.46472168e-02
 3.55720520e-03 1.35351562e+00 0.00000000e+00 0.00000000e+00
 0.00000000e+00 1.34155273e-01 7.03334808e-06 8.31054688e-01
 5.69820404e-05 8.09570312e-01 1.25244141e-01 2.14477539e-01
 4.80041504e-02 0.00000000e+00 2.89062500e-01 3.06884766e-01
 0.00000000e+00 9.22851562e-02 2.55889893e-02 6.66618347e-04
 0.00000000e+00 2.23236084e-02 9.15527344e-01 1.67655945e-03
 1.52954102e-01 0.00000000e+00 2.77587891e-01 0.00000000e+00
 8.54492188e-02 8.09082031e-01 1.73095703e-01 8.14453125e-01
 0.00000000e+00 1.14685059e-01 0.00000000e+00 1.67465210e-03
 3.72648239e-04 0.00000000e+00 0.00000000e+00 7.93457031e-01
 1.42089844e-01 7.45605469e-01 8.65722656e-01 1.44409180e-01
 0.00000000e+00 0.00000000e+00 1.89971924e-02 0.00000000e+00
 7.20500946e-04 3.86474609e-01 2.07672119e-02 1.70410156e-01
 1.68701172e-01 1.09436035e-01 6.06445312e-01 0.00000000e+00
 2.61474609e-01 1.05273438e+00 6.08563423e-05 3.83949280e-03
 5.81665039e-02 7.48901367e-02 9.97543335e-04 0.00000000e+00
 5.27191162e-03 2.04925537e-02 1.33395195e-04 0.00000000e+00
 1.09741211e-01 1.24218750e+00 0.00000000e+00 1.47338867e-01
 0.00000000e+00 5.92285156e-01 5.15747070e-02 1.07519531e+00
 3.77685547e-01 7.19604492e-02 6.95800781e-02 1.59057617e-01
 1.44140625e+00 1.25854492e-01 2.44140625e-01 2.41241455e-02
 0.00000000e+00 2.79052734e-01 9.56542969e-01 1.42578125e-01
 1.13220215e-01 3.28369141e-02 1.56998634e-04 2.40600586e-01
 7.55004883e-02 0.00000000e+00 3.41491699e-02 4.65576172e-01
 1.55761719e+00 9.28401947e-04 7.04101562e-01 6.67724609e-02
 0.00000000e+00 7.24121094e-01 2.35137939e-02 9.66308594e-01]
2025-02-19 15:31:24,799 - DEBUG - CNN-6_CIFAR10_batch_128 - First binarized pattern:
[ 1.  1.  1.  1.  1.  1.  1.  1.  1.  1.  1.  1.  1.  1.  1.  1.  1.  1.
  1.  1.  1. -1.  1.  1.  1.  1. -1. -1. -1.  1.  1.  1.  1.  1.  1.  1.
  1. -1.  1.  1. -1.  1.  1.  1. -1.  1.  1.  1.  1. -1.  1. -1.  1.  1.
  1.  1. -1.  1. -1.  1.  1. -1. -1.  1.  1.  1.  1.  1. -1. -1.  1. -1.
  1.  1.  1.  1.  1.  1.  1. -1.  1.  1.  1.  1.  1.  1.  1. -1.  1.  1.
  1. -1.  1.  1. -1.  1. -1.  1.  1.  1.  1.  1.  1.  1.  1.  1.  1.  1.
 -1.  1.  1.  1.  1.  1.  1.  1.  1. -1.  1.  1.  1.  1.  1.  1. -1.  1.
  1.  1.]
2025-02-19 15:31:25,197 - INFO - CNN-6_CIFAR10_batch_128 - Total Unique Activation Patterns Found: 6181
2025-02-19 15:31:26,981 - INFO - CNN-6_CIFAR10_batch_128 - Epoch 4/300 | Loss: 809.6029 | Train Acc: 19.64%
2025-02-19 15:31:26,983 - INFO - CNN-6_CIFAR10_batch_128 - Epoch 5/300 | Model: CNN-6 | Dataset: CIFAR10
2025-02-19 15:31:39,265 - INFO - CNN-6_CIFAR10_batch_128 - 🔎 Computing unique activation patterns for 50000 samples...
2025-02-19 15:31:39,287 - DEBUG - CNN-6_CIFAR10_batch_128 - First activation row (before binarization):
[1.7150879e-01 0.0000000e+00 1.7060547e+00 0.0000000e+00 0.0000000e+00
 0.0000000e+00 1.8994141e+00 1.5563965e-01 0.0000000e+00 0.0000000e+00
 3.4868717e-05 0.0000000e+00 0.0000000e+00 1.3269043e-01 0.0000000e+00
 0.0000000e+00 0.0000000e+00 0.0000000e+00 1.3056641e+00 1.7460938e+00
 1.9531250e-02 0.0000000e+00 1.1218262e-01 1.5930176e-02 0.0000000e+00
 2.6230469e+00 0.0000000e+00 0.0000000e+00 0.0000000e+00 8.0810547e-02
 0.0000000e+00 0.0000000e+00 0.0000000e+00 0.0000000e+00 0.0000000e+00
 2.6977539e-01 1.3183594e-02 0.0000000e+00 0.0000000e+00 0.0000000e+00
 0.0000000e+00 0.0000000e+00 2.0294189e-03 5.4240227e-06 0.0000000e+00
 0.0000000e+00 1.8925781e+00 0.0000000e+00 1.5002441e-01 0.0000000e+00
 3.7060547e-01 0.0000000e+00 0.0000000e+00 1.4550781e+00 1.4892578e-01
 1.5390625e+00 0.0000000e+00 0.0000000e+00 0.0000000e+00 1.2576580e-04
 1.4901161e-06 0.0000000e+00 0.0000000e+00 1.3164062e+00 0.0000000e+00
 1.4511719e+00 0.0000000e+00 0.0000000e+00 0.0000000e+00 0.0000000e+00
 0.0000000e+00 0.0000000e+00 0.0000000e+00 6.3281250e-01 8.0633163e-04
 1.3903809e-01 0.0000000e+00 4.5074463e-02 9.7656250e-01 0.0000000e+00
 0.0000000e+00 1.8769531e+00 0.0000000e+00 0.0000000e+00 0.0000000e+00
 2.6687622e-02 0.0000000e+00 0.0000000e+00 0.0000000e+00 0.0000000e+00
 0.0000000e+00 0.0000000e+00 0.0000000e+00 2.3300781e+00 0.0000000e+00
 8.7097168e-02 0.0000000e+00 0.0000000e+00 2.9617310e-02 0.0000000e+00
 6.1474609e-01 2.7374268e-02 0.0000000e+00 1.2231445e-01 0.0000000e+00
 0.0000000e+00 0.0000000e+00 1.0383129e-04 0.0000000e+00 0.0000000e+00
 1.9833984e+00 9.3750000e-02 0.0000000e+00 7.6065063e-03 0.0000000e+00
 0.0000000e+00 2.9541016e-02 0.0000000e+00 9.9868774e-03 0.0000000e+00
 0.0000000e+00 3.4630299e-05 1.1279297e+00 1.6860962e-02 0.0000000e+00
 0.0000000e+00 2.5901794e-03 0.0000000e+00]
2025-02-19 15:31:39,288 - DEBUG - CNN-6_CIFAR10_batch_128 - First binarized pattern:
[ 1. -1.  1. -1. -1. -1.  1.  1. -1. -1.  1. -1. -1.  1. -1. -1. -1. -1.
  1.  1.  1. -1.  1.  1. -1.  1. -1. -1. -1.  1. -1. -1. -1. -1. -1.  1.
  1. -1. -1. -1. -1. -1.  1.  1. -1. -1.  1. -1.  1. -1.  1. -1. -1.  1.
  1.  1. -1. -1. -1.  1.  1. -1. -1.  1. -1.  1. -1. -1. -1. -1. -1. -1.
 -1.  1.  1.  1. -1.  1.  1. -1. -1.  1. -1. -1. -1.  1. -1. -1. -1. -1.
 -1. -1. -1.  1. -1.  1. -1. -1.  1. -1.  1.  1. -1.  1. -1. -1. -1.  1.
 -1. -1.  1.  1. -1.  1. -1. -1.  1. -1.  1. -1. -1.  1.  1.  1. -1. -1.
  1. -1.]
2025-02-19 15:31:39,685 - INFO - CNN-6_CIFAR10_batch_128 - Total Unique Activation Patterns Found: 5480
2025-02-19 15:31:41,459 - INFO - CNN-6_CIFAR10_batch_128 - Epoch 5/300 | Loss: 807.6547 | Train Acc: 19.83%
2025-02-19 15:31:41,460 - INFO - CNN-6_CIFAR10_batch_128 - Epoch 6/300 | Model: CNN-6 | Dataset: CIFAR10
2025-02-19 15:31:53,651 - INFO - CNN-6_CIFAR10_batch_128 - 🔎 Computing unique activation patterns for 50000 samples...
2025-02-19 15:31:53,675 - DEBUG - CNN-6_CIFAR10_batch_128 - First activation row (before binarization):
[1.1833191e-02 1.0738373e-03 5.1708984e-01 1.7595291e-03 1.1923828e+00
 3.1402588e-02 7.4121094e-01 3.5362244e-03 1.7265625e+00 1.9848633e-01
 1.9669533e-06 1.5678406e-03 1.5449219e+00 1.3093948e-03 0.0000000e+00
 3.4985352e-01 0.0000000e+00 1.2480469e+00 3.3154297e-01 6.0644531e-01
 0.0000000e+00 0.0000000e+00 2.3651123e-03 0.0000000e+00 0.0000000e+00
 8.4863281e-01 0.0000000e+00 0.0000000e+00 0.0000000e+00 1.0404587e-03
 0.0000000e+00 1.4306641e+00 0.0000000e+00 1.3632812e+00 6.5185547e-02
 2.3345947e-02 0.0000000e+00 0.0000000e+00 3.7207031e-01 3.7768555e-01
 0.0000000e+00 2.5512695e-02 2.0265579e-06 0.0000000e+00 0.0000000e+00
 1.3208389e-03 5.1074219e-01 1.0967255e-05 5.3138733e-03 0.0000000e+00
 3.7872314e-02 0.0000000e+00 2.4368286e-02 3.8989258e-01 1.8329620e-03
 3.9868164e-01 0.0000000e+00 4.7515869e-02 0.0000000e+00 0.0000000e+00
 0.0000000e+00 0.0000000e+00 0.0000000e+00 3.6547852e-01 8.7890625e-02
 3.8500977e-01 1.4003906e+00 7.8308105e-02 0.0000000e+00 0.0000000e+00
 1.5201569e-03 0.0000000e+00 0.0000000e+00 9.4299316e-02 0.0000000e+00
 0.0000000e+00 1.1627197e-01 0.0000000e+00 2.5195312e-01 0.0000000e+00
 2.8393555e-01 6.0400391e-01 0.0000000e+00 0.0000000e+00 7.6103210e-03
 2.4104118e-04 0.0000000e+00 0.0000000e+00 7.9035759e-05 4.3535233e-04
 0.0000000e+00 0.0000000e+00 4.3640137e-02 7.5732422e-01 0.0000000e+00
 0.0000000e+00 0.0000000e+00 9.2919922e-01 0.0000000e+00 1.8027344e+00
 8.3618164e-02 0.0000000e+00 1.1604309e-02 1.1243820e-03 2.4375000e+00
 5.0598145e-02 2.4694824e-01 1.6450882e-03 0.0000000e+00 3.2885742e-01
 5.4638672e-01 1.3999939e-03 4.2633057e-02 0.0000000e+00 0.0000000e+00
 2.4255371e-01 0.0000000e+00 0.0000000e+00 0.0000000e+00 6.8408203e-01
 2.6406250e+00 0.0000000e+00 2.8906250e-01 0.0000000e+00 0.0000000e+00
 1.1513672e+00 0.0000000e+00 1.7392578e+00]
2025-02-19 15:31:53,675 - DEBUG - CNN-6_CIFAR10_batch_128 - First binarized pattern:
[ 1.  1.  1.  1.  1.  1.  1.  1.  1.  1.  1.  1.  1.  1. -1.  1. -1.  1.
  1.  1. -1. -1.  1. -1. -1.  1. -1. -1. -1.  1. -1.  1. -1.  1.  1.  1.
 -1. -1.  1.  1. -1.  1.  1. -1. -1.  1.  1.  1.  1. -1.  1. -1.  1.  1.
  1.  1. -1.  1. -1. -1. -1. -1. -1.  1.  1.  1.  1.  1. -1. -1.  1. -1.
 -1.  1. -1. -1.  1. -1.  1. -1.  1.  1. -1. -1.  1.  1. -1. -1.  1.  1.
 -1. -1.  1.  1. -1. -1. -1.  1. -1.  1.  1. -1.  1.  1.  1.  1.  1.  1.
 -1.  1.  1.  1.  1. -1. -1.  1. -1. -1. -1.  1.  1. -1.  1. -1. -1.  1.
 -1.  1.]
2025-02-19 15:31:54,068 - INFO - CNN-6_CIFAR10_batch_128 - Total Unique Activation Patterns Found: 3603
2025-02-19 15:31:55,845 - INFO - CNN-6_CIFAR10_batch_128 - Epoch 6/300 | Loss: 822.0465 | Train Acc: 19.42%
2025-02-19 15:31:55,846 - INFO - CNN-6_CIFAR10_batch_128 - Epoch 7/300 | Model: CNN-6 | Dataset: CIFAR10
2025-02-19 15:32:07,924 - INFO - CNN-6_CIFAR10_batch_128 - 🔎 Computing unique activation patterns for 50000 samples...
2025-02-19 15:32:07,946 - DEBUG - CNN-6_CIFAR10_batch_128 - First activation row (before binarization):
[2.60467529e-02 0.00000000e+00 1.06054688e+00 0.00000000e+00
 0.00000000e+00 0.00000000e+00 1.16796875e+00 1.52969360e-02
 0.00000000e+00 0.00000000e+00 0.00000000e+00 0.00000000e+00
 0.00000000e+00 1.14746094e-02 0.00000000e+00 0.00000000e+00
 0.00000000e+00 0.00000000e+00 7.56835938e-01 1.05761719e+00
 2.82049179e-04 0.00000000e+00 1.07421875e-02 2.70843506e-04
 0.00000000e+00 1.72167969e+00 0.00000000e+00 0.00000000e+00
 0.00000000e+00 3.63349915e-03 0.00000000e+00 0.00000000e+00
 0.00000000e+00 0.00000000e+00 0.00000000e+00 5.81970215e-02
 9.01818275e-05 0.00000000e+00 0.00000000e+00 0.00000000e+00
 0.00000000e+00 0.00000000e+00 0.00000000e+00 0.00000000e+00
 0.00000000e+00 0.00000000e+00 1.21679688e+00 2.38418579e-07
 1.65252686e-02 0.00000000e+00 9.50927734e-02 0.00000000e+00
 0.00000000e+00 8.63769531e-01 1.36566162e-02 9.43359375e-01
 0.00000000e+00 0.00000000e+00 0.00000000e+00 0.00000000e+00
 0.00000000e+00 0.00000000e+00 0.00000000e+00 7.44628906e-01
 0.00000000e+00 8.79882812e-01 0.00000000e+00 0.00000000e+00
 0.00000000e+00 0.00000000e+00 0.00000000e+00 0.00000000e+00
 0.00000000e+00 2.59033203e-01 0.00000000e+00 1.12533569e-02
 0.00000000e+00 9.31262970e-04 5.07812500e-01 0.00000000e+00
 0.00000000e+00 1.16601562e+00 0.00000000e+00 0.00000000e+00
 0.00000000e+00 2.62498856e-04 0.00000000e+00 0.00000000e+00
 0.00000000e+00 0.00000000e+00 0.00000000e+00 0.00000000e+00
 0.00000000e+00 1.50585938e+00 0.00000000e+00 4.32205200e-03
 0.00000000e+00 0.00000000e+00 9.44137573e-04 0.00000000e+00
 2.45239258e-01 4.29153442e-04 0.00000000e+00 1.00479126e-02
 0.00000000e+00 0.00000000e+00 0.00000000e+00 0.00000000e+00
 0.00000000e+00 0.00000000e+00 1.28125000e+00 4.47845459e-03
 0.00000000e+00 3.56435776e-05 0.00000000e+00 0.00000000e+00
 7.40528107e-04 0.00000000e+00 8.69631767e-05 0.00000000e+00
 0.00000000e+00 0.00000000e+00 6.13281250e-01 9.42945480e-05
 0.00000000e+00 0.00000000e+00 0.00000000e+00 0.00000000e+00]
2025-02-19 15:32:07,946 - DEBUG - CNN-6_CIFAR10_batch_128 - First binarized pattern:
[ 1. -1.  1. -1. -1. -1.  1.  1. -1. -1. -1. -1. -1.  1. -1. -1. -1. -1.
  1.  1.  1. -1.  1.  1. -1.  1. -1. -1. -1.  1. -1. -1. -1. -1. -1.  1.
  1. -1. -1. -1. -1. -1. -1. -1. -1. -1.  1.  1.  1. -1.  1. -1. -1.  1.
  1.  1. -1. -1. -1. -1. -1. -1. -1.  1. -1.  1. -1. -1. -1. -1. -1. -1.
 -1.  1. -1.  1. -1.  1.  1. -1. -1.  1. -1. -1. -1.  1. -1. -1. -1. -1.
 -1. -1. -1.  1. -1.  1. -1. -1.  1. -1.  1.  1. -1.  1. -1. -1. -1. -1.
 -1. -1.  1.  1. -1.  1. -1. -1.  1. -1.  1. -1. -1. -1.  1.  1. -1. -1.
 -1. -1.]
2025-02-19 15:32:08,338 - INFO - CNN-6_CIFAR10_batch_128 - Total Unique Activation Patterns Found: 3148
2025-02-19 15:32:10,084 - INFO - CNN-6_CIFAR10_batch_128 - Epoch 7/300 | Loss: 827.4149 | Train Acc: 19.56%
2025-02-19 15:32:10,086 - INFO - CNN-6_CIFAR10_batch_128 - Epoch 8/300 | Model: CNN-6 | Dataset: CIFAR10
2025-02-19 15:32:22,171 - INFO - CNN-6_CIFAR10_batch_128 - 🔎 Computing unique activation patterns for 50000 samples...
2025-02-19 15:32:22,195 - DEBUG - CNN-6_CIFAR10_batch_128 - First activation row (before binarization):
[8.17108154e-03 1.34706497e-05 7.06542969e-01 1.65104866e-05
 1.46728516e-01 1.46293640e-03 7.77343750e-01 3.64685059e-03
 2.14965820e-01 1.57928467e-02 0.00000000e+00 1.41859055e-05
 1.91650391e-01 3.04603577e-03 0.00000000e+00 3.17687988e-02
 0.00000000e+00 1.52099609e-01 4.84619141e-01 6.99707031e-01
 5.17368317e-05 0.00000000e+00 2.81906128e-03 5.98430634e-05
 0.00000000e+00 1.17578125e+00 0.00000000e+00 0.00000000e+00
 0.00000000e+00 7.86781311e-04 0.00000000e+00 1.78588867e-01
 0.00000000e+00 1.70532227e-01 3.00979614e-03 2.10571289e-02
 1.28746033e-05 0.00000000e+00 3.49426270e-02 3.76586914e-02
 0.00000000e+00 6.95705414e-04 0.00000000e+00 0.00000000e+00
 0.00000000e+00 1.09672546e-05 8.21289062e-01 0.00000000e+00
 4.45556641e-03 0.00000000e+00 3.62548828e-02 0.00000000e+00
 9.82284546e-04 5.64941406e-01 3.50570679e-03 6.20605469e-01
 0.00000000e+00 1.84822083e-03 0.00000000e+00 0.00000000e+00
 0.00000000e+00 0.00000000e+00 0.00000000e+00 4.75830078e-01
 4.34875488e-03 5.74707031e-01 1.74316406e-01 4.25720215e-03
 0.00000000e+00 0.00000000e+00 1.75833702e-05 0.00000000e+00
 0.00000000e+00 1.31958008e-01 0.00000000e+00 2.58064270e-03
 6.09588623e-03 1.49369240e-04 3.07128906e-01 0.00000000e+00
 2.44903564e-02 7.79296875e-01 0.00000000e+00 0.00000000e+00
 1.20162964e-04 4.28557396e-05 0.00000000e+00 0.00000000e+00
 1.78813934e-07 2.56299973e-06 0.00000000e+00 0.00000000e+00
 1.68800354e-03 1.02246094e+00 0.00000000e+00 8.55445862e-04
 0.00000000e+00 1.13159180e-01 2.03132629e-04 2.24609375e-01
 1.23657227e-01 7.18235970e-05 2.96115875e-04 2.61688232e-03
 3.02978516e-01 2.15530396e-03 2.09808350e-02 1.22189522e-05
 0.00000000e+00 2.94952393e-02 8.68164062e-01 8.95500183e-04
 1.69086456e-03 4.41074371e-06 0.00000000e+00 1.96075439e-02
 1.40547752e-04 0.00000000e+00 1.43051147e-05 8.15429688e-02
 3.30078125e-01 0.00000000e+00 3.82324219e-01 1.23381615e-05
 0.00000000e+00 1.41723633e-01 0.00000000e+00 2.16552734e-01]
2025-02-19 15:32:22,195 - DEBUG - CNN-6_CIFAR10_batch_128 - First binarized pattern:
[ 1.  1.  1.  1.  1.  1.  1.  1.  1.  1. -1.  1.  1.  1. -1.  1. -1.  1.
  1.  1.  1. -1.  1.  1. -1.  1. -1. -1. -1.  1. -1.  1. -1.  1.  1.  1.
  1. -1.  1.  1. -1.  1. -1. -1. -1.  1.  1. -1.  1. -1.  1. -1.  1.  1.
  1.  1. -1.  1. -1. -1. -1. -1. -1.  1.  1.  1.  1.  1. -1. -1.  1. -1.
 -1.  1. -1.  1.  1.  1.  1. -1.  1.  1. -1. -1.  1.  1. -1. -1.  1.  1.
 -1. -1.  1.  1. -1.  1. -1.  1.  1.  1.  1.  1.  1.  1.  1.  1.  1.  1.
 -1.  1.  1.  1.  1.  1. -1.  1.  1. -1.  1.  1.  1. -1.  1.  1. -1.  1.
 -1.  1.]
2025-02-19 15:32:22,587 - INFO - CNN-6_CIFAR10_batch_128 - Total Unique Activation Patterns Found: 3798
2025-02-19 15:32:24,310 - INFO - CNN-6_CIFAR10_batch_128 - Epoch 8/300 | Loss: 829.4790 | Train Acc: 19.16%
2025-02-19 15:32:24,311 - INFO - CNN-6_CIFAR10_batch_128 - Epoch 9/300 | Model: CNN-6 | Dataset: CIFAR10
2025-02-19 15:32:36,333 - INFO - CNN-6_CIFAR10_batch_128 - 🔎 Computing unique activation patterns for 50000 samples...
2025-02-19 15:32:36,355 - DEBUG - CNN-6_CIFAR10_batch_128 - First activation row (before binarization):
[4.39071655e-03 5.06639481e-06 9.16015625e-01 8.34465027e-06
 4.86816406e-01 1.13391876e-03 1.01074219e+00 1.44577026e-03
 7.36816406e-01 3.17382812e-02 0.00000000e+00 5.66244125e-06
 6.55273438e-01 1.34181976e-03 0.00000000e+00 8.38623047e-02
 0.00000000e+00 5.16113281e-01 6.09375000e-01 9.08691406e-01
 9.47713852e-06 0.00000000e+00 1.11579895e-03 1.61528587e-05
 0.00000000e+00 1.54980469e+00 0.00000000e+00 0.00000000e+00
 0.00000000e+00 2.58922577e-04 0.00000000e+00 6.04980469e-01
 0.00000000e+00 5.72265625e-01 4.94003296e-03 1.29470825e-02
 3.15904617e-06 0.00000000e+00 9.16137695e-02 1.00952148e-01
 0.00000000e+00 6.21318817e-04 0.00000000e+00 0.00000000e+00
 0.00000000e+00 3.99351120e-06 1.07226562e+00 0.00000000e+00
 1.84440613e-03 0.00000000e+00 2.44445801e-02 0.00000000e+00
 6.80923462e-04 7.19726562e-01 1.46770477e-03 7.95898438e-01
 0.00000000e+00 2.55966187e-03 0.00000000e+00 0.00000000e+00
 0.00000000e+00 0.00000000e+00 0.00000000e+00 6.01074219e-01
 7.30514526e-03 7.29492188e-01 5.92285156e-01 6.10351562e-03
 0.00000000e+00 0.00000000e+00 5.24520874e-06 0.00000000e+00
 0.00000000e+00 1.25732422e-01 0.00000000e+00 9.70840454e-04
 1.10855103e-02 3.30805779e-05 3.51318359e-01 0.00000000e+00
 5.95397949e-02 1.01757812e+00 0.00000000e+00 0.00000000e+00
 5.75780869e-05 9.17911530e-06 0.00000000e+00 0.00000000e+00
 0.00000000e+00 0.00000000e+00 0.00000000e+00 0.00000000e+00
 2.02751160e-03 1.34277344e+00 0.00000000e+00 2.77042389e-04
 0.00000000e+00 3.53515625e-01 5.23924828e-05 7.69042969e-01
 1.17553711e-01 1.55568123e-05 1.87158585e-04 1.05476379e-03
 1.04882812e+00 2.69699097e-03 4.66003418e-02 9.41753387e-06
 0.00000000e+00 7.55615234e-02 1.13378906e+00 2.74419785e-04
 2.04467773e-03 0.00000000e+00 0.00000000e+00 4.40063477e-02
 3.31401825e-05 0.00000000e+00 2.44379044e-06 2.44384766e-01
 1.13964844e+00 0.00000000e+00 4.69238281e-01 3.39746475e-06
 0.00000000e+00 4.68994141e-01 0.00000000e+00 7.42675781e-01]
2025-02-19 15:32:36,355 - DEBUG - CNN-6_CIFAR10_batch_128 - First binarized pattern:
[ 1.  1.  1.  1.  1.  1.  1.  1.  1.  1. -1.  1.  1.  1. -1.  1. -1.  1.
  1.  1.  1. -1.  1.  1. -1.  1. -1. -1. -1.  1. -1.  1. -1.  1.  1.  1.
  1. -1.  1.  1. -1.  1. -1. -1. -1.  1.  1. -1.  1. -1.  1. -1.  1.  1.
  1.  1. -1.  1. -1. -1. -1. -1. -1.  1.  1.  1.  1.  1. -1. -1.  1. -1.
 -1.  1. -1.  1.  1.  1.  1. -1.  1.  1. -1. -1.  1.  1. -1. -1. -1. -1.
 -1. -1.  1.  1. -1.  1. -1.  1.  1.  1.  1.  1.  1.  1.  1.  1.  1.  1.
 -1.  1.  1.  1.  1. -1. -1.  1.  1. -1.  1.  1.  1. -1.  1.  1. -1.  1.
 -1.  1.]
2025-02-19 15:32:36,749 - INFO - CNN-6_CIFAR10_batch_128 - Total Unique Activation Patterns Found: 4722
2025-02-19 15:32:38,483 - INFO - CNN-6_CIFAR10_batch_128 - Epoch 9/300 | Loss: 831.2520 | Train Acc: 19.39%
2025-02-19 15:32:38,484 - INFO - CNN-6_CIFAR10_batch_128 - Epoch 10/300 | Model: CNN-6 | Dataset: CIFAR10
2025-02-19 15:32:50,478 - INFO - CNN-6_CIFAR10_batch_128 - 🔎 Computing unique activation patterns for 50000 samples...
2025-02-19 15:32:50,499 - DEBUG - CNN-6_CIFAR10_batch_128 - First activation row (before binarization):
[1.1997223e-03 0.0000000e+00 7.1240234e-01 1.7881393e-07 2.1865845e-02
 5.2034855e-05 7.9150391e-01 1.9729137e-04 4.2327881e-02 2.0256042e-03
 0.0000000e+00 0.0000000e+00 3.6102295e-02 2.0027161e-04 0.0000000e+00
 3.0670166e-03 0.0000000e+00 2.2750854e-02 4.5825195e-01 7.0751953e-01
 0.0000000e+00 0.0000000e+00 1.5830994e-04 0.0000000e+00 0.0000000e+00
 1.2255859e+00 0.0000000e+00 0.0000000e+00 0.0000000e+00 1.9192696e-05
 0.0000000e+00 3.0166626e-02 0.0000000e+00 2.6245117e-02 2.4390221e-04
 4.3182373e-03 0.0000000e+00 0.0000000e+00 3.9787292e-03 4.2076111e-03
 0.0000000e+00 3.0934811e-05 0.0000000e+00 0.0000000e+00 0.0000000e+00
 0.0000000e+00 8.3789062e-01 0.0000000e+00 4.1413307e-04 0.0000000e+00
 8.8729858e-03 0.0000000e+00 2.6583672e-05 5.5029297e-01 2.5463104e-04
 6.1474609e-01 0.0000000e+00 1.2648106e-04 0.0000000e+00 0.0000000e+00
 0.0000000e+00 0.0000000e+00 0.0000000e+00 4.5361328e-01 2.1803379e-04
 5.5859375e-01 2.9556274e-02 2.5963783e-04 0.0000000e+00 0.0000000e+00
 0.0000000e+00 0.0000000e+00 0.0000000e+00 7.3547363e-02 0.0000000e+00
 1.2302399e-04 3.9815903e-04 0.0000000e+00 2.5415039e-01 0.0000000e+00
 3.1547546e-03 7.9541016e-01 0.0000000e+00 0.0000000e+00 1.9669533e-06
 0.0000000e+00 0.0000000e+00 0.0000000e+00 0.0000000e+00 0.0000000e+00
 0.0000000e+00 0.0000000e+00 8.3923340e-05 1.0615234e+00 0.0000000e+00
 1.7046928e-05 0.0000000e+00 9.6282959e-03 4.4703484e-06 4.5043945e-02
 6.6955566e-02 0.0000000e+00 5.3644180e-06 1.8250942e-04 7.2509766e-02
 1.1885166e-04 2.5691986e-03 1.7881393e-07 0.0000000e+00 3.1585693e-03
 8.9208984e-01 1.9311905e-05 9.2744827e-05 0.0000000e+00 0.0000000e+00
 2.2220612e-03 1.7285347e-06 0.0000000e+00 0.0000000e+00 4.1503906e-03
 8.0017090e-02 0.0000000e+00 3.4326172e-01 0.0000000e+00 0.0000000e+00
 2.0629883e-02 0.0000000e+00 4.2205811e-02]
2025-02-19 15:32:50,500 - DEBUG - CNN-6_CIFAR10_batch_128 - First binarized pattern:
[ 1. -1.  1.  1.  1.  1.  1.  1.  1.  1. -1. -1.  1.  1. -1.  1. -1.  1.
  1.  1. -1. -1.  1. -1. -1.  1. -1. -1. -1.  1. -1.  1. -1.  1.  1.  1.
 -1. -1.  1.  1. -1.  1. -1. -1. -1. -1.  1. -1.  1. -1.  1. -1.  1.  1.
  1.  1. -1.  1. -1. -1. -1. -1. -1.  1.  1.  1.  1.  1. -1. -1. -1. -1.
 -1.  1. -1.  1.  1. -1.  1. -1.  1.  1. -1. -1.  1. -1. -1. -1. -1. -1.
 -1. -1.  1.  1. -1.  1. -1.  1.  1.  1.  1. -1.  1.  1.  1.  1.  1.  1.
 -1.  1.  1.  1.  1. -1. -1.  1.  1. -1. -1.  1.  1. -1.  1. -1. -1.  1.
 -1.  1.]
2025-02-19 15:32:50,894 - INFO - CNN-6_CIFAR10_batch_128 - Total Unique Activation Patterns Found: 3809
2025-02-19 15:32:52,618 - INFO - CNN-6_CIFAR10_batch_128 - Epoch 10/300 | Loss: 831.4860 | Train Acc: 18.97%
2025-02-19 15:32:52,619 - INFO - CNN-6_CIFAR10_batch_128 - Epoch 11/300 | Model: CNN-6 | Dataset: CIFAR10
2025-02-19 15:33:04,565 - INFO - CNN-6_CIFAR10_batch_128 - 🔎 Computing unique activation patterns for 50000 samples...
2025-02-19 15:33:04,587 - DEBUG - CNN-6_CIFAR10_batch_128 - First activation row (before binarization):
[1.48057938e-04 0.00000000e+00 3.48632812e-01 0.00000000e+00
 2.45849609e-01 5.36441803e-06 3.95996094e-01 1.51395798e-05
 3.95263672e-01 2.87246704e-03 0.00000000e+00 0.00000000e+00
 3.45214844e-01 1.47223473e-05 0.00000000e+00 1.54342651e-02
 0.00000000e+00 2.62695312e-01 2.10327148e-01 3.47412109e-01
 0.00000000e+00 0.00000000e+00 1.07288361e-05 0.00000000e+00
 0.00000000e+00 6.23046875e-01 0.00000000e+00 0.00000000e+00
 0.00000000e+00 5.36441803e-07 0.00000000e+00 3.15185547e-01
 0.00000000e+00 2.94677734e-01 7.50422478e-05 6.80923462e-04
 0.00000000e+00 0.00000000e+00 1.84936523e-02 2.25067139e-02
 0.00000000e+00 1.43051147e-06 0.00000000e+00 0.00000000e+00
 0.00000000e+00 0.00000000e+00 4.18701172e-01 0.00000000e+00
 3.67760658e-05 0.00000000e+00 1.70421600e-03 0.00000000e+00
 2.80141830e-06 2.59277344e-01 1.82986259e-05 2.96386719e-01
 0.00000000e+00 2.06828117e-05 0.00000000e+00 0.00000000e+00
 0.00000000e+00 0.00000000e+00 0.00000000e+00 2.07885742e-01
 1.44362450e-04 2.63671875e-01 3.07617188e-01 9.58442688e-05
 0.00000000e+00 0.00000000e+00 0.00000000e+00 0.00000000e+00
 0.00000000e+00 2.10113525e-02 0.00000000e+00 7.33137131e-06
 3.48567963e-04 0.00000000e+00 9.79003906e-02 0.00000000e+00
 8.27026367e-03 3.97216797e-01 0.00000000e+00 0.00000000e+00
 0.00000000e+00 0.00000000e+00 0.00000000e+00 0.00000000e+00
 0.00000000e+00 0.00000000e+00 0.00000000e+00 0.00000000e+00
 1.28746033e-05 5.35156250e-01 0.00000000e+00 0.00000000e+00
 0.00000000e+00 1.66381836e-01 0.00000000e+00 4.14306641e-01
 1.90277100e-02 0.00000000e+00 0.00000000e+00 1.31726265e-05
 5.79589844e-01 2.25901604e-05 5.42831421e-03 0.00000000e+00
 0.00000000e+00 1.26724243e-02 4.45556641e-01 5.36441803e-07
 1.26361847e-05 0.00000000e+00 0.00000000e+00 5.05447388e-03
 0.00000000e+00 0.00000000e+00 0.00000000e+00 9.55200195e-02
 6.37207031e-01 0.00000000e+00 1.47949219e-01 0.00000000e+00
 0.00000000e+00 2.35351562e-01 0.00000000e+00 3.98193359e-01]
2025-02-19 15:33:04,588 - DEBUG - CNN-6_CIFAR10_batch_128 - First binarized pattern:
[ 1. -1.  1. -1.  1.  1.  1.  1.  1.  1. -1. -1.  1.  1. -1.  1. -1.  1.
  1.  1. -1. -1.  1. -1. -1.  1. -1. -1. -1.  1. -1.  1. -1.  1.  1.  1.
 -1. -1.  1.  1. -1.  1. -1. -1. -1. -1.  1. -1.  1. -1.  1. -1.  1.  1.
  1.  1. -1.  1. -1. -1. -1. -1. -1.  1.  1.  1.  1.  1. -1. -1. -1. -1.
 -1.  1. -1.  1.  1. -1.  1. -1.  1.  1. -1. -1. -1. -1. -1. -1. -1. -1.
 -1. -1.  1.  1. -1. -1. -1.  1. -1.  1.  1. -1. -1.  1.  1.  1.  1. -1.
 -1.  1.  1.  1.  1. -1. -1.  1. -1. -1. -1.  1.  1. -1.  1. -1. -1.  1.
 -1.  1.]
2025-02-19 15:33:04,976 - INFO - CNN-6_CIFAR10_batch_128 - Total Unique Activation Patterns Found: 2931
2025-02-19 15:33:06,695 - INFO - CNN-6_CIFAR10_batch_128 - Epoch 11/300 | Loss: 859.6620 | Train Acc: 17.12%
2025-02-19 15:33:06,697 - INFO - CNN-6_CIFAR10_batch_128 - Epoch 12/300 | Model: CNN-6 | Dataset: CIFAR10
2025-02-19 15:33:18,711 - INFO - CNN-6_CIFAR10_batch_128 - 🔎 Computing unique activation patterns for 50000 samples...
2025-02-19 15:33:18,732 - DEBUG - CNN-6_CIFAR10_batch_128 - First activation row (before binarization):
[5.3644180e-07 0.0000000e+00 0.0000000e+00 0.0000000e+00 2.8027344e-01
 5.9604645e-07 0.0000000e+00 0.0000000e+00 4.7216797e-01 1.0805130e-03
 0.0000000e+00 0.0000000e+00 4.1015625e-01 0.0000000e+00 0.0000000e+00
 9.3841553e-03 0.0000000e+00 3.0322266e-01 0.0000000e+00 0.0000000e+00
 0.0000000e+00 0.0000000e+00 0.0000000e+00 0.0000000e+00 0.0000000e+00
 3.8909912e-03 0.0000000e+00 0.0000000e+00 0.0000000e+00 0.0000000e+00
 0.0000000e+00 3.7109375e-01 0.0000000e+00 3.4521484e-01 1.1444092e-05
 1.1324883e-06 0.0000000e+00 0.0000000e+00 1.1734009e-02 1.5251160e-02
 0.0000000e+00 0.0000000e+00 0.0000000e+00 0.0000000e+00 0.0000000e+00
 0.0000000e+00 0.0000000e+00 0.0000000e+00 0.0000000e+00 0.0000000e+00
 1.6689301e-06 0.0000000e+00 0.0000000e+00 0.0000000e+00 0.0000000e+00
 0.0000000e+00 0.0000000e+00 2.5629997e-06 0.0000000e+00 0.0000000e+00
 0.0000000e+00 0.0000000e+00 0.0000000e+00 0.0000000e+00 2.6047230e-05
 0.0000000e+00 3.6108398e-01 1.7285347e-05 0.0000000e+00 0.0000000e+00
 0.0000000e+00 0.0000000e+00 0.0000000e+00 0.0000000e+00 0.0000000e+00
 0.0000000e+00 8.4459782e-05 0.0000000e+00 0.0000000e+00 0.0000000e+00
 4.3487549e-03 0.0000000e+00 0.0000000e+00 0.0000000e+00 0.0000000e+00
 0.0000000e+00 0.0000000e+00 0.0000000e+00 0.0000000e+00 0.0000000e+00
 0.0000000e+00 0.0000000e+00 1.3709068e-06 1.0538101e-03 0.0000000e+00
 0.0000000e+00 0.0000000e+00 1.8029785e-01 0.0000000e+00 4.9560547e-01
 0.0000000e+00 0.0000000e+00 0.0000000e+00 0.0000000e+00 6.9775391e-01
 3.2186508e-06 2.5291443e-03 0.0000000e+00 0.0000000e+00 7.3089600e-03
 6.1452389e-05 0.0000000e+00 1.3709068e-06 0.0000000e+00 0.0000000e+00
 2.1648407e-03 0.0000000e+00 0.0000000e+00 0.0000000e+00 9.3017578e-02
 7.6416016e-01 0.0000000e+00 0.0000000e+00 0.0000000e+00 0.0000000e+00
 2.6684570e-01 0.0000000e+00 4.7631836e-01]
2025-02-19 15:33:18,732 - DEBUG - CNN-6_CIFAR10_batch_128 - First binarized pattern:
[ 1. -1. -1. -1.  1.  1. -1. -1.  1.  1. -1. -1.  1. -1. -1.  1. -1.  1.
 -1. -1. -1. -1. -1. -1. -1.  1. -1. -1. -1. -1. -1.  1. -1.  1.  1.  1.
 -1. -1.  1.  1. -1. -1. -1. -1. -1. -1. -1. -1. -1. -1.  1. -1. -1. -1.
 -1. -1. -1.  1. -1. -1. -1. -1. -1. -1.  1. -1.  1.  1. -1. -1. -1. -1.
 -1. -1. -1. -1.  1. -1. -1. -1.  1. -1. -1. -1. -1. -1. -1. -1. -1. -1.
 -1. -1.  1.  1. -1. -1. -1.  1. -1.  1. -1. -1. -1. -1.  1.  1.  1. -1.
 -1.  1.  1. -1.  1. -1. -1.  1. -1. -1. -1.  1.  1. -1. -1. -1. -1.  1.
 -1.  1.]
2025-02-19 15:33:19,118 - INFO - CNN-6_CIFAR10_batch_128 - Total Unique Activation Patterns Found: 1761
2025-02-19 15:33:20,917 - INFO - CNN-6_CIFAR10_batch_128 - Epoch 12/300 | Loss: 871.3005 | Train Acc: 16.68%
2025-02-19 15:33:20,918 - INFO - CNN-6_CIFAR10_batch_128 - Epoch 13/300 | Model: CNN-6 | Dataset: CIFAR10
2025-02-19 15:33:32,916 - INFO - CNN-6_CIFAR10_batch_128 - 🔎 Computing unique activation patterns for 50000 samples...
2025-02-19 15:33:32,936 - DEBUG - CNN-6_CIFAR10_batch_128 - First activation row (before binarization):
[0.00000000e+00 0.00000000e+00 1.65700912e-05 0.00000000e+00
 3.35693359e-01 0.00000000e+00 3.96370888e-05 0.00000000e+00
 5.74218750e-01 8.35895538e-04 0.00000000e+00 0.00000000e+00
 4.96826172e-01 0.00000000e+00 0.00000000e+00 9.18579102e-03
 0.00000000e+00 3.64257812e-01 5.96046448e-07 1.58548355e-05
 0.00000000e+00 0.00000000e+00 0.00000000e+00 0.00000000e+00
 0.00000000e+00 3.80277634e-04 0.00000000e+00 0.00000000e+00
 0.00000000e+00 0.00000000e+00 0.00000000e+00 4.48486328e-01
 0.00000000e+00 4.16259766e-01 7.09295273e-06 1.49011612e-06
 0.00000000e+00 0.00000000e+00 1.16577148e-02 1.55029297e-02
 0.00000000e+00 0.00000000e+00 0.00000000e+00 0.00000000e+00
 0.00000000e+00 0.00000000e+00 4.86969948e-05 0.00000000e+00
 0.00000000e+00 0.00000000e+00 1.25169754e-06 0.00000000e+00
 0.00000000e+00 3.03983688e-06 0.00000000e+00 7.21216202e-06
 0.00000000e+00 1.49011612e-06 0.00000000e+00 0.00000000e+00
 0.00000000e+00 0.00000000e+00 0.00000000e+00 5.36441803e-07
 1.50203705e-05 1.19209290e-06 4.36035156e-01 9.83476639e-06
 0.00000000e+00 0.00000000e+00 0.00000000e+00 0.00000000e+00
 0.00000000e+00 0.00000000e+00 0.00000000e+00 0.00000000e+00
 4.96506691e-05 0.00000000e+00 0.00000000e+00 0.00000000e+00
 3.84330750e-03 3.59416008e-05 0.00000000e+00 0.00000000e+00
 0.00000000e+00 0.00000000e+00 0.00000000e+00 0.00000000e+00
 0.00000000e+00 0.00000000e+00 0.00000000e+00 0.00000000e+00
 6.55651093e-07 2.16960907e-04 0.00000000e+00 0.00000000e+00
 0.00000000e+00 2.13378906e-01 0.00000000e+00 6.04003906e-01
 0.00000000e+00 0.00000000e+00 0.00000000e+00 0.00000000e+00
 8.56445312e-01 1.49011612e-06 2.08854675e-03 0.00000000e+00
 0.00000000e+00 6.99996948e-03 6.47306442e-05 0.00000000e+00
 6.55651093e-07 0.00000000e+00 0.00000000e+00 1.80530548e-03
 0.00000000e+00 0.00000000e+00 0.00000000e+00 1.07238770e-01
 9.38964844e-01 0.00000000e+00 0.00000000e+00 0.00000000e+00
 0.00000000e+00 3.19335938e-01 0.00000000e+00 5.79589844e-01]
2025-02-19 15:33:32,937 - DEBUG - CNN-6_CIFAR10_batch_128 - First binarized pattern:
[-1. -1.  1. -1.  1. -1.  1. -1.  1.  1. -1. -1.  1. -1. -1.  1. -1.  1.
  1.  1. -1. -1. -1. -1. -1.  1. -1. -1. -1. -1. -1.  1. -1.  1.  1.  1.
 -1. -1.  1.  1. -1. -1. -1. -1. -1. -1.  1. -1. -1. -1.  1. -1. -1.  1.
 -1.  1. -1.  1. -1. -1. -1. -1. -1.  1.  1.  1.  1.  1. -1. -1. -1. -1.
 -1. -1. -1. -1.  1. -1. -1. -1.  1.  1. -1. -1. -1. -1. -1. -1. -1. -1.
 -1. -1.  1.  1. -1. -1. -1.  1. -1.  1. -1. -1. -1. -1.  1.  1.  1. -1.
 -1.  1.  1. -1.  1. -1. -1.  1. -1. -1. -1.  1.  1. -1. -1. -1. -1.  1.
 -1.  1.]
2025-02-19 15:33:33,321 - INFO - CNN-6_CIFAR10_batch_128 - Total Unique Activation Patterns Found: 1587
2025-02-19 15:33:35,040 - INFO - CNN-6_CIFAR10_batch_128 - Epoch 13/300 | Loss: 870.4563 | Train Acc: 16.94%
2025-02-19 15:33:35,041 - INFO - CNN-6_CIFAR10_batch_128 - Epoch 14/300 | Model: CNN-6 | Dataset: CIFAR10
2025-02-19 15:33:47,078 - INFO - CNN-6_CIFAR10_batch_128 - 🔎 Computing unique activation patterns for 50000 samples...
2025-02-19 15:33:47,099 - DEBUG - CNN-6_CIFAR10_batch_128 - First activation row (before binarization):
[0.0000000e+00 0.0000000e+00 2.3841858e-07 0.0000000e+00 0.0000000e+00
 0.0000000e+00 1.1324883e-06 0.0000000e+00 0.0000000e+00 0.0000000e+00
 0.0000000e+00 0.0000000e+00 0.0000000e+00 0.0000000e+00 0.0000000e+00
 0.0000000e+00 0.0000000e+00 0.0000000e+00 0.0000000e+00 2.9802322e-07
 0.0000000e+00 0.0000000e+00 0.0000000e+00 0.0000000e+00 0.0000000e+00
 5.5670738e-05 0.0000000e+00 0.0000000e+00 0.0000000e+00 0.0000000e+00
 0.0000000e+00 0.0000000e+00 0.0000000e+00 0.0000000e+00 0.0000000e+00
 0.0000000e+00 0.0000000e+00 0.0000000e+00 0.0000000e+00 0.0000000e+00
 0.0000000e+00 0.0000000e+00 0.0000000e+00 0.0000000e+00 0.0000000e+00
 0.0000000e+00 1.5497208e-06 0.0000000e+00 0.0000000e+00 0.0000000e+00
 0.0000000e+00 0.0000000e+00 0.0000000e+00 0.0000000e+00 0.0000000e+00
 0.0000000e+00 0.0000000e+00 0.0000000e+00 0.0000000e+00 0.0000000e+00
 0.0000000e+00 0.0000000e+00 0.0000000e+00 0.0000000e+00 0.0000000e+00
 0.0000000e+00 0.0000000e+00 0.0000000e+00 0.0000000e+00 0.0000000e+00
 0.0000000e+00 0.0000000e+00 0.0000000e+00 0.0000000e+00 0.0000000e+00
 0.0000000e+00 0.0000000e+00 0.0000000e+00 0.0000000e+00 0.0000000e+00
 0.0000000e+00 1.0132790e-06 0.0000000e+00 0.0000000e+00 0.0000000e+00
 0.0000000e+00 0.0000000e+00 0.0000000e+00 0.0000000e+00 0.0000000e+00
 0.0000000e+00 0.0000000e+00 0.0000000e+00 1.7225742e-05 0.0000000e+00
 0.0000000e+00 0.0000000e+00 0.0000000e+00 0.0000000e+00 0.0000000e+00
 0.0000000e+00 0.0000000e+00 0.0000000e+00 0.0000000e+00 0.0000000e+00
 0.0000000e+00 0.0000000e+00 0.0000000e+00 0.0000000e+00 0.0000000e+00
 3.0994415e-06 0.0000000e+00 0.0000000e+00 0.0000000e+00 0.0000000e+00
 0.0000000e+00 0.0000000e+00 0.0000000e+00 0.0000000e+00 0.0000000e+00
 0.0000000e+00 0.0000000e+00 0.0000000e+00 0.0000000e+00 0.0000000e+00
 0.0000000e+00 0.0000000e+00 0.0000000e+00]
2025-02-19 15:33:47,100 - DEBUG - CNN-6_CIFAR10_batch_128 - First binarized pattern:
[-1. -1.  1. -1. -1. -1.  1. -1. -1. -1. -1. -1. -1. -1. -1. -1. -1. -1.
 -1.  1. -1. -1. -1. -1. -1.  1. -1. -1. -1. -1. -1. -1. -1. -1. -1. -1.
 -1. -1. -1. -1. -1. -1. -1. -1. -1. -1.  1. -1. -1. -1. -1. -1. -1. -1.
 -1. -1. -1. -1. -1. -1. -1. -1. -1. -1. -1. -1. -1. -1. -1. -1. -1. -1.
 -1. -1. -1. -1. -1. -1. -1. -1. -1.  1. -1. -1. -1. -1. -1. -1. -1. -1.
 -1. -1. -1.  1. -1. -1. -1. -1. -1. -1. -1. -1. -1. -1. -1. -1. -1. -1.
 -1. -1.  1. -1. -1. -1. -1. -1. -1. -1. -1. -1. -1. -1. -1. -1. -1. -1.
 -1. -1.]
2025-02-19 15:33:47,483 - INFO - CNN-6_CIFAR10_batch_128 - Total Unique Activation Patterns Found: 1035
2025-02-19 15:33:49,210 - INFO - CNN-6_CIFAR10_batch_128 - Epoch 14/300 | Loss: 872.1158 | Train Acc: 16.79%
2025-02-19 15:33:49,211 - INFO - CNN-6_CIFAR10_batch_128 - Epoch 15/300 | Model: CNN-6 | Dataset: CIFAR10
2025-02-19 15:34:01,155 - INFO - CNN-6_CIFAR10_batch_128 - 🔎 Computing unique activation patterns for 50000 samples...
2025-02-19 15:34:01,174 - DEBUG - CNN-6_CIFAR10_batch_128 - First activation row (before binarization):
[0.00000000e+00 0.00000000e+00 0.00000000e+00 0.00000000e+00
 5.54199219e-02 0.00000000e+00 0.00000000e+00 0.00000000e+00
 1.01379395e-01 1.41263008e-05 0.00000000e+00 0.00000000e+00
 8.66088867e-02 0.00000000e+00 0.00000000e+00 3.86714935e-04
 0.00000000e+00 6.09741211e-02 0.00000000e+00 0.00000000e+00
 0.00000000e+00 0.00000000e+00 0.00000000e+00 0.00000000e+00
 0.00000000e+00 1.19209290e-06 0.00000000e+00 0.00000000e+00
 0.00000000e+00 0.00000000e+00 0.00000000e+00 7.73315430e-02
 0.00000000e+00 7.11059570e-02 0.00000000e+00 0.00000000e+00
 0.00000000e+00 0.00000000e+00 5.24044037e-04 7.15255737e-04
 0.00000000e+00 0.00000000e+00 0.00000000e+00 0.00000000e+00
 0.00000000e+00 0.00000000e+00 0.00000000e+00 0.00000000e+00
 0.00000000e+00 0.00000000e+00 0.00000000e+00 0.00000000e+00
 0.00000000e+00 0.00000000e+00 0.00000000e+00 0.00000000e+00
 0.00000000e+00 0.00000000e+00 0.00000000e+00 0.00000000e+00
 0.00000000e+00 0.00000000e+00 0.00000000e+00 0.00000000e+00
 1.19209290e-07 0.00000000e+00 7.49511719e-02 5.96046448e-08
 0.00000000e+00 0.00000000e+00 0.00000000e+00 0.00000000e+00
 0.00000000e+00 0.00000000e+00 0.00000000e+00 0.00000000e+00
 6.55651093e-07 0.00000000e+00 0.00000000e+00 0.00000000e+00
 1.19149685e-04 0.00000000e+00 0.00000000e+00 0.00000000e+00
 0.00000000e+00 0.00000000e+00 0.00000000e+00 0.00000000e+00
 0.00000000e+00 0.00000000e+00 0.00000000e+00 0.00000000e+00
 0.00000000e+00 1.78813934e-07 0.00000000e+00 0.00000000e+00
 0.00000000e+00 3.10668945e-02 0.00000000e+00 1.06933594e-01
 0.00000000e+00 0.00000000e+00 0.00000000e+00 0.00000000e+00
 1.54174805e-01 0.00000000e+00 4.69684601e-05 0.00000000e+00
 0.00000000e+00 2.62498856e-04 0.00000000e+00 0.00000000e+00
 0.00000000e+00 0.00000000e+00 0.00000000e+00 4.19616699e-05
 0.00000000e+00 0.00000000e+00 0.00000000e+00 1.18408203e-02
 1.69311523e-01 0.00000000e+00 0.00000000e+00 0.00000000e+00
 0.00000000e+00 5.20629883e-02 0.00000000e+00 1.02294922e-01]
2025-02-19 15:34:01,174 - DEBUG - CNN-6_CIFAR10_batch_128 - First binarized pattern:
[-1. -1. -1. -1.  1. -1. -1. -1.  1.  1. -1. -1.  1. -1. -1.  1. -1.  1.
 -1. -1. -1. -1. -1. -1. -1.  1. -1. -1. -1. -1. -1.  1. -1.  1. -1. -1.
 -1. -1.  1.  1. -1. -1. -1. -1. -1. -1. -1. -1. -1. -1. -1. -1. -1. -1.
 -1. -1. -1. -1. -1. -1. -1. -1. -1. -1.  1. -1.  1.  1. -1. -1. -1. -1.
 -1. -1. -1. -1.  1. -1. -1. -1.  1. -1. -1. -1. -1. -1. -1. -1. -1. -1.
 -1. -1. -1.  1. -1. -1. -1.  1. -1.  1. -1. -1. -1. -1.  1. -1.  1. -1.
 -1.  1. -1. -1. -1. -1. -1.  1. -1. -1. -1.  1.  1. -1. -1. -1. -1.  1.
 -1.  1.]
2025-02-19 15:34:01,553 - INFO - CNN-6_CIFAR10_batch_128 - Total Unique Activation Patterns Found: 392
2025-02-19 15:34:03,275 - INFO - CNN-6_CIFAR10_batch_128 - Epoch 15/300 | Loss: 871.1218 | Train Acc: 16.92%
2025-02-19 15:34:03,276 - INFO - CNN-6_CIFAR10_batch_128 - Epoch 16/300 | Model: CNN-6 | Dataset: CIFAR10
2025-02-19 15:34:15,008 - INFO - CNN-6_CIFAR10_batch_128 - 🔎 Computing unique activation patterns for 50000 samples...
2025-02-19 15:34:15,029 - DEBUG - CNN-6_CIFAR10_batch_128 - First activation row (before binarization):
[0.0000000e+00 0.0000000e+00 0.0000000e+00 0.0000000e+00 4.3164062e-01
 0.0000000e+00 0.0000000e+00 0.0000000e+00 8.1640625e-01 3.2067299e-05
 0.0000000e+00 0.0000000e+00 6.9433594e-01 0.0000000e+00 0.0000000e+00
 1.3399124e-03 0.0000000e+00 4.7900391e-01 0.0000000e+00 0.0000000e+00
 0.0000000e+00 0.0000000e+00 0.0000000e+00 0.0000000e+00 0.0000000e+00
 0.0000000e+00 0.0000000e+00 0.0000000e+00 0.0000000e+00 0.0000000e+00
 0.0000000e+00 6.1718750e-01 0.0000000e+00 5.6445312e-01 0.0000000e+00
 0.0000000e+00 0.0000000e+00 0.0000000e+00 1.8892288e-03 2.8762817e-03
 0.0000000e+00 0.0000000e+00 0.0000000e+00 0.0000000e+00 0.0000000e+00
 0.0000000e+00 0.0000000e+00 0.0000000e+00 0.0000000e+00 0.0000000e+00
 0.0000000e+00 0.0000000e+00 0.0000000e+00 0.0000000e+00 0.0000000e+00
 0.0000000e+00 0.0000000e+00 0.0000000e+00 0.0000000e+00 0.0000000e+00
 0.0000000e+00 0.0000000e+00 0.0000000e+00 0.0000000e+00 8.9406967e-07
 0.0000000e+00 5.9716797e-01 0.0000000e+00 0.0000000e+00 0.0000000e+00
 0.0000000e+00 0.0000000e+00 0.0000000e+00 0.0000000e+00 0.0000000e+00
 0.0000000e+00 8.9406967e-07 0.0000000e+00 0.0000000e+00 0.0000000e+00
 3.5214424e-04 0.0000000e+00 0.0000000e+00 0.0000000e+00 0.0000000e+00
 0.0000000e+00 0.0000000e+00 0.0000000e+00 0.0000000e+00 0.0000000e+00
 0.0000000e+00 0.0000000e+00 0.0000000e+00 0.0000000e+00 0.0000000e+00
 0.0000000e+00 0.0000000e+00 2.2583008e-01 0.0000000e+00 8.6132812e-01
 0.0000000e+00 0.0000000e+00 0.0000000e+00 0.0000000e+00 1.2431641e+00
 0.0000000e+00 1.2528896e-04 0.0000000e+00 0.0000000e+00 8.7833405e-04
 0.0000000e+00 0.0000000e+00 0.0000000e+00 0.0000000e+00 0.0000000e+00
 1.1330843e-04 0.0000000e+00 0.0000000e+00 0.0000000e+00 7.1838379e-02
 1.3652344e+00 0.0000000e+00 0.0000000e+00 0.0000000e+00 0.0000000e+00
 4.0405273e-01 0.0000000e+00 8.2373047e-01]
2025-02-19 15:34:15,030 - DEBUG - CNN-6_CIFAR10_batch_128 - First binarized pattern:
[-1. -1. -1. -1.  1. -1. -1. -1.  1.  1. -1. -1.  1. -1. -1.  1. -1.  1.
 -1. -1. -1. -1. -1. -1. -1. -1. -1. -1. -1. -1. -1.  1. -1.  1. -1. -1.
 -1. -1.  1.  1. -1. -1. -1. -1. -1. -1. -1. -1. -1. -1. -1. -1. -1. -1.
 -1. -1. -1. -1. -1. -1. -1. -1. -1. -1.  1. -1.  1. -1. -1. -1. -1. -1.
 -1. -1. -1. -1.  1. -1. -1. -1.  1. -1. -1. -1. -1. -1. -1. -1. -1. -1.
 -1. -1. -1. -1. -1. -1. -1.  1. -1.  1. -1. -1. -1. -1.  1. -1.  1. -1.
 -1.  1. -1. -1. -1. -1. -1.  1. -1. -1. -1.  1.  1. -1. -1. -1. -1.  1.
 -1.  1.]
2025-02-19 15:34:15,439 - INFO - CNN-6_CIFAR10_batch_128 - Total Unique Activation Patterns Found: 180
2025-02-19 15:34:17,195 - INFO - CNN-6_CIFAR10_batch_128 - Epoch 16/300 | Loss: 888.8059 | Train Acc: 12.74%
2025-02-19 15:34:17,196 - INFO - CNN-6_CIFAR10_batch_128 - Epoch 17/300 | Model: CNN-6 | Dataset: CIFAR10
2025-02-19 15:34:29,674 - INFO - CNN-6_CIFAR10_batch_128 - 🔎 Computing unique activation patterns for 50000 samples...
2025-02-19 15:34:29,691 - DEBUG - CNN-6_CIFAR10_batch_128 - First activation row (before binarization):
[0.0000000e+00 0.0000000e+00 0.0000000e+00 0.0000000e+00 0.0000000e+00
 0.0000000e+00 0.0000000e+00 0.0000000e+00 1.2922287e-04 0.0000000e+00
 0.0000000e+00 0.0000000e+00 2.8312206e-05 0.0000000e+00 0.0000000e+00
 0.0000000e+00 0.0000000e+00 0.0000000e+00 0.0000000e+00 0.0000000e+00
 0.0000000e+00 0.0000000e+00 0.0000000e+00 0.0000000e+00 0.0000000e+00
 0.0000000e+00 0.0000000e+00 0.0000000e+00 0.0000000e+00 0.0000000e+00
 0.0000000e+00 5.4240227e-06 0.0000000e+00 0.0000000e+00 0.0000000e+00
 0.0000000e+00 0.0000000e+00 0.0000000e+00 0.0000000e+00 0.0000000e+00
 0.0000000e+00 0.0000000e+00 0.0000000e+00 0.0000000e+00 0.0000000e+00
 0.0000000e+00 0.0000000e+00 0.0000000e+00 0.0000000e+00 0.0000000e+00
 0.0000000e+00 0.0000000e+00 0.0000000e+00 0.0000000e+00 0.0000000e+00
 0.0000000e+00 0.0000000e+00 0.0000000e+00 0.0000000e+00 0.0000000e+00
 0.0000000e+00 0.0000000e+00 0.0000000e+00 0.0000000e+00 0.0000000e+00
 0.0000000e+00 1.9669533e-06 0.0000000e+00 0.0000000e+00 0.0000000e+00
 0.0000000e+00 0.0000000e+00 0.0000000e+00 0.0000000e+00 0.0000000e+00
 0.0000000e+00 0.0000000e+00 0.0000000e+00 0.0000000e+00 0.0000000e+00
 0.0000000e+00 0.0000000e+00 0.0000000e+00 0.0000000e+00 0.0000000e+00
 0.0000000e+00 0.0000000e+00 0.0000000e+00 0.0000000e+00 0.0000000e+00
 0.0000000e+00 0.0000000e+00 0.0000000e+00 0.0000000e+00 0.0000000e+00
 0.0000000e+00 0.0000000e+00 3.5762787e-07 0.0000000e+00 1.8978119e-04
 0.0000000e+00 0.0000000e+00 0.0000000e+00 0.0000000e+00 1.4467239e-03
 0.0000000e+00 0.0000000e+00 0.0000000e+00 0.0000000e+00 0.0000000e+00
 0.0000000e+00 0.0000000e+00 0.0000000e+00 0.0000000e+00 0.0000000e+00
 0.0000000e+00 0.0000000e+00 0.0000000e+00 0.0000000e+00 0.0000000e+00
 2.1610260e-03 0.0000000e+00 0.0000000e+00 0.0000000e+00 0.0000000e+00
 1.9669533e-06 0.0000000e+00 1.3780594e-04]
2025-02-19 15:34:29,692 - DEBUG - CNN-6_CIFAR10_batch_128 - First binarized pattern:
[-1. -1. -1. -1. -1. -1. -1. -1.  1. -1. -1. -1.  1. -1. -1. -1. -1. -1.
 -1. -1. -1. -1. -1. -1. -1. -1. -1. -1. -1. -1. -1.  1. -1. -1. -1. -1.
 -1. -1. -1. -1. -1. -1. -1. -1. -1. -1. -1. -1. -1. -1. -1. -1. -1. -1.
 -1. -1. -1. -1. -1. -1. -1. -1. -1. -1. -1. -1.  1. -1. -1. -1. -1. -1.
 -1. -1. -1. -1. -1. -1. -1. -1. -1. -1. -1. -1. -1. -1. -1. -1. -1. -1.
 -1. -1. -1. -1. -1. -1. -1.  1. -1.  1. -1. -1. -1. -1.  1. -1. -1. -1.
 -1. -1. -1. -1. -1. -1. -1. -1. -1. -1. -1. -1.  1. -1. -1. -1. -1.  1.
 -1.  1.]
2025-02-19 15:34:30,065 - INFO - CNN-6_CIFAR10_batch_128 - Total Unique Activation Patterns Found: 58
2025-02-19 15:34:32,077 - INFO - CNN-6_CIFAR10_batch_128 - Epoch 17/300 | Loss: 900.3426 | Train Acc: 9.93%
2025-02-19 15:34:32,078 - INFO - CNN-6_CIFAR10_batch_128 - Epoch 18/300 | Model: CNN-6 | Dataset: CIFAR10
2025-02-19 15:34:44,377 - INFO - CNN-6_CIFAR10_batch_128 - 🔎 Computing unique activation patterns for 50000 samples...
2025-02-19 15:34:44,393 - DEBUG - CNN-6_CIFAR10_batch_128 - First activation row (before binarization):
[0.0000000e+00 0.0000000e+00 0.0000000e+00 0.0000000e+00 0.0000000e+00
 0.0000000e+00 0.0000000e+00 0.0000000e+00 0.0000000e+00 0.0000000e+00
 0.0000000e+00 0.0000000e+00 1.7881393e-07 0.0000000e+00 0.0000000e+00
 0.0000000e+00 0.0000000e+00 0.0000000e+00 0.0000000e+00 0.0000000e+00
 0.0000000e+00 0.0000000e+00 0.0000000e+00 0.0000000e+00 0.0000000e+00
 0.0000000e+00 0.0000000e+00 0.0000000e+00 0.0000000e+00 0.0000000e+00
 0.0000000e+00 4.1723251e-07 0.0000000e+00 0.0000000e+00 0.0000000e+00
 0.0000000e+00 0.0000000e+00 0.0000000e+00 0.0000000e+00 0.0000000e+00
 0.0000000e+00 0.0000000e+00 0.0000000e+00 0.0000000e+00 0.0000000e+00
 0.0000000e+00 0.0000000e+00 0.0000000e+00 0.0000000e+00 0.0000000e+00
 0.0000000e+00 0.0000000e+00 0.0000000e+00 0.0000000e+00 0.0000000e+00
 0.0000000e+00 0.0000000e+00 0.0000000e+00 0.0000000e+00 0.0000000e+00
 0.0000000e+00 0.0000000e+00 0.0000000e+00 0.0000000e+00 0.0000000e+00
 0.0000000e+00 0.0000000e+00 0.0000000e+00 0.0000000e+00 0.0000000e+00
 0.0000000e+00 0.0000000e+00 0.0000000e+00 0.0000000e+00 0.0000000e+00
 0.0000000e+00 0.0000000e+00 0.0000000e+00 0.0000000e+00 0.0000000e+00
 0.0000000e+00 0.0000000e+00 0.0000000e+00 0.0000000e+00 0.0000000e+00
 0.0000000e+00 0.0000000e+00 0.0000000e+00 0.0000000e+00 0.0000000e+00
 0.0000000e+00 0.0000000e+00 0.0000000e+00 0.0000000e+00 0.0000000e+00
 0.0000000e+00 0.0000000e+00 0.0000000e+00 0.0000000e+00 0.0000000e+00
 0.0000000e+00 0.0000000e+00 0.0000000e+00 0.0000000e+00 0.0000000e+00
 0.0000000e+00 0.0000000e+00 0.0000000e+00 0.0000000e+00 0.0000000e+00
 0.0000000e+00 0.0000000e+00 0.0000000e+00 0.0000000e+00 0.0000000e+00
 0.0000000e+00 0.0000000e+00 0.0000000e+00 0.0000000e+00 0.0000000e+00
 0.0000000e+00 0.0000000e+00 0.0000000e+00 0.0000000e+00 0.0000000e+00
 0.0000000e+00 0.0000000e+00 5.9604645e-08]
2025-02-19 15:34:44,393 - DEBUG - CNN-6_CIFAR10_batch_128 - First binarized pattern:
[-1. -1. -1. -1. -1. -1. -1. -1. -1. -1. -1. -1.  1. -1. -1. -1. -1. -1.
 -1. -1. -1. -1. -1. -1. -1. -1. -1. -1. -1. -1. -1.  1. -1. -1. -1. -1.
 -1. -1. -1. -1. -1. -1. -1. -1. -1. -1. -1. -1. -1. -1. -1. -1. -1. -1.
 -1. -1. -1. -1. -1. -1. -1. -1. -1. -1. -1. -1. -1. -1. -1. -1. -1. -1.
 -1. -1. -1. -1. -1. -1. -1. -1. -1. -1. -1. -1. -1. -1. -1. -1. -1. -1.
 -1. -1. -1. -1. -1. -1. -1. -1. -1. -1. -1. -1. -1. -1. -1. -1. -1. -1.
 -1. -1. -1. -1. -1. -1. -1. -1. -1. -1. -1. -1. -1. -1. -1. -1. -1. -1.
 -1.  1.]
2025-02-19 15:34:44,765 - INFO - CNN-6_CIFAR10_batch_128 - Total Unique Activation Patterns Found: 9
2025-02-19 15:34:46,498 - INFO - CNN-6_CIFAR10_batch_128 - Epoch 18/300 | Loss: 900.3498 | Train Acc: 9.96%
2025-02-19 15:34:46,499 - INFO - CNN-6_CIFAR10_batch_128 - Epoch 19/300 | Model: CNN-6 | Dataset: CIFAR10
2025-02-19 15:34:58,604 - INFO - CNN-6_CIFAR10_batch_128 - 🔎 Computing unique activation patterns for 50000 samples...
2025-02-19 15:34:58,621 - DEBUG - CNN-6_CIFAR10_batch_128 - First activation row (before binarization):
[0. 0. 0. 0. 0. 0. 0. 0. 0. 0. 0. 0. 0. 0. 0. 0. 0. 0. 0. 0. 0. 0. 0. 0.
 0. 0. 0. 0. 0. 0. 0. 0. 0. 0. 0. 0. 0. 0. 0. 0. 0. 0. 0. 0. 0. 0. 0. 0.
 0. 0. 0. 0. 0. 0. 0. 0. 0. 0. 0. 0. 0. 0. 0. 0. 0. 0. 0. 0. 0. 0. 0. 0.
 0. 0. 0. 0. 0. 0. 0. 0. 0. 0. 0. 0. 0. 0. 0. 0. 0. 0. 0. 0. 0. 0. 0. 0.
 0. 0. 0. 0. 0. 0. 0. 0. 0. 0. 0. 0. 0. 0. 0. 0. 0. 0. 0. 0. 0. 0. 0. 0.
 0. 0. 0. 0. 0. 0. 0. 0.]
2025-02-19 15:34:58,621 - DEBUG - CNN-6_CIFAR10_batch_128 - First binarized pattern:
[-1. -1. -1. -1. -1. -1. -1. -1. -1. -1. -1. -1. -1. -1. -1. -1. -1. -1.
 -1. -1. -1. -1. -1. -1. -1. -1. -1. -1. -1. -1. -1. -1. -1. -1. -1. -1.
 -1. -1. -1. -1. -1. -1. -1. -1. -1. -1. -1. -1. -1. -1. -1. -1. -1. -1.
 -1. -1. -1. -1. -1. -1. -1. -1. -1. -1. -1. -1. -1. -1. -1. -1. -1. -1.
 -1. -1. -1. -1. -1. -1. -1. -1. -1. -1. -1. -1. -1. -1. -1. -1. -1. -1.
 -1. -1. -1. -1. -1. -1. -1. -1. -1. -1. -1. -1. -1. -1. -1. -1. -1. -1.
 -1. -1. -1. -1. -1. -1. -1. -1. -1. -1. -1. -1. -1. -1. -1. -1. -1. -1.
 -1. -1.]
2025-02-19 15:34:58,991 - INFO - CNN-6_CIFAR10_batch_128 - Total Unique Activation Patterns Found: 1
2025-02-19 15:35:00,723 - INFO - CNN-6_CIFAR10_batch_128 - Epoch 19/300 | Loss: 900.3357 | Train Acc: 9.81%
2025-02-19 15:35:00,724 - INFO - CNN-6_CIFAR10_batch_128 - Epoch 20/300 | Model: CNN-6 | Dataset: CIFAR10
2025-02-19 15:35:12,986 - INFO - CNN-6_CIFAR10_batch_128 - 🔎 Computing unique activation patterns for 50000 samples...
2025-02-19 15:35:13,001 - DEBUG - CNN-6_CIFAR10_batch_128 - First activation row (before binarization):
[0. 0. 0. 0. 0. 0. 0. 0. 0. 0. 0. 0. 0. 0. 0. 0. 0. 0. 0. 0. 0. 0. 0. 0.
 0. 0. 0. 0. 0. 0. 0. 0. 0. 0. 0. 0. 0. 0. 0. 0. 0. 0. 0. 0. 0. 0. 0. 0.
 0. 0. 0. 0. 0. 0. 0. 0. 0. 0. 0. 0. 0. 0. 0. 0. 0. 0. 0. 0. 0. 0. 0. 0.
 0. 0. 0. 0. 0. 0. 0. 0. 0. 0. 0. 0. 0. 0. 0. 0. 0. 0. 0. 0. 0. 0. 0. 0.
 0. 0. 0. 0. 0. 0. 0. 0. 0. 0. 0. 0. 0. 0. 0. 0. 0. 0. 0. 0. 0. 0. 0. 0.
 0. 0. 0. 0. 0. 0. 0. 0.]
2025-02-19 15:35:13,002 - DEBUG - CNN-6_CIFAR10_batch_128 - First binarized pattern:
[-1. -1. -1. -1. -1. -1. -1. -1. -1. -1. -1. -1. -1. -1. -1. -1. -1. -1.
 -1. -1. -1. -1. -1. -1. -1. -1. -1. -1. -1. -1. -1. -1. -1. -1. -1. -1.
 -1. -1. -1. -1. -1. -1. -1. -1. -1. -1. -1. -1. -1. -1. -1. -1. -1. -1.
 -1. -1. -1. -1. -1. -1. -1. -1. -1. -1. -1. -1. -1. -1. -1. -1. -1. -1.
 -1. -1. -1. -1. -1. -1. -1. -1. -1. -1. -1. -1. -1. -1. -1. -1. -1. -1.
 -1. -1. -1. -1. -1. -1. -1. -1. -1. -1. -1. -1. -1. -1. -1. -1. -1. -1.
 -1. -1. -1. -1. -1. -1. -1. -1. -1. -1. -1. -1. -1. -1. -1. -1. -1. -1.
 -1. -1.]
2025-02-19 15:35:13,373 - INFO - CNN-6_CIFAR10_batch_128 - Total Unique Activation Patterns Found: 1
2025-02-19 15:35:15,108 - INFO - CNN-6_CIFAR10_batch_128 - Epoch 20/300 | Loss: 900.3487 | Train Acc: 9.82%
2025-02-19 15:35:15,109 - INFO - CNN-6_CIFAR10_batch_128 - Epoch 21/300 | Model: CNN-6 | Dataset: CIFAR10
2025-02-19 15:35:26,576 - INFO - CNN-6_CIFAR10_batch_128 - 🔎 Computing unique activation patterns for 50000 samples...
2025-02-19 15:35:26,592 - DEBUG - CNN-6_CIFAR10_batch_128 - First activation row (before binarization):
[0. 0. 0. 0. 0. 0. 0. 0. 0. 0. 0. 0. 0. 0. 0. 0. 0. 0. 0. 0. 0. 0. 0. 0.
 0. 0. 0. 0. 0. 0. 0. 0. 0. 0. 0. 0. 0. 0. 0. 0. 0. 0. 0. 0. 0. 0. 0. 0.
 0. 0. 0. 0. 0. 0. 0. 0. 0. 0. 0. 0. 0. 0. 0. 0. 0. 0. 0. 0. 0. 0. 0. 0.
 0. 0. 0. 0. 0. 0. 0. 0. 0. 0. 0. 0. 0. 0. 0. 0. 0. 0. 0. 0. 0. 0. 0. 0.
 0. 0. 0. 0. 0. 0. 0. 0. 0. 0. 0. 0. 0. 0. 0. 0. 0. 0. 0. 0. 0. 0. 0. 0.
 0. 0. 0. 0. 0. 0. 0. 0.]
2025-02-19 15:35:26,592 - DEBUG - CNN-6_CIFAR10_batch_128 - First binarized pattern:
[-1. -1. -1. -1. -1. -1. -1. -1. -1. -1. -1. -1. -1. -1. -1. -1. -1. -1.
 -1. -1. -1. -1. -1. -1. -1. -1. -1. -1. -1. -1. -1. -1. -1. -1. -1. -1.
 -1. -1. -1. -1. -1. -1. -1. -1. -1. -1. -1. -1. -1. -1. -1. -1. -1. -1.
 -1. -1. -1. -1. -1. -1. -1. -1. -1. -1. -1. -1. -1. -1. -1. -1. -1. -1.
 -1. -1. -1. -1. -1. -1. -1. -1. -1. -1. -1. -1. -1. -1. -1. -1. -1. -1.
 -1. -1. -1. -1. -1. -1. -1. -1. -1. -1. -1. -1. -1. -1. -1. -1. -1. -1.
 -1. -1. -1. -1. -1. -1. -1. -1. -1. -1. -1. -1. -1. -1. -1. -1. -1. -1.
 -1. -1.]
2025-02-19 15:35:26,962 - INFO - CNN-6_CIFAR10_batch_128 - Total Unique Activation Patterns Found: 1
2025-02-19 15:35:28,691 - INFO - CNN-6_CIFAR10_batch_128 - Epoch 21/300 | Loss: 900.3422 | Train Acc: 9.82%
2025-02-19 15:35:28,692 - INFO - CNN-6_CIFAR10_batch_128 - Epoch 22/300 | Model: CNN-6 | Dataset: CIFAR10
2025-02-19 15:35:40,203 - INFO - CNN-6_CIFAR10_batch_128 - 🔎 Computing unique activation patterns for 50000 samples...
2025-02-19 15:35:40,219 - DEBUG - CNN-6_CIFAR10_batch_128 - First activation row (before binarization):
[0. 0. 0. 0. 0. 0. 0. 0. 0. 0. 0. 0. 0. 0. 0. 0. 0. 0. 0. 0. 0. 0. 0. 0.
 0. 0. 0. 0. 0. 0. 0. 0. 0. 0. 0. 0. 0. 0. 0. 0. 0. 0. 0. 0. 0. 0. 0. 0.
 0. 0. 0. 0. 0. 0. 0. 0. 0. 0. 0. 0. 0. 0. 0. 0. 0. 0. 0. 0. 0. 0. 0. 0.
 0. 0. 0. 0. 0. 0. 0. 0. 0. 0. 0. 0. 0. 0. 0. 0. 0. 0. 0. 0. 0. 0. 0. 0.
 0. 0. 0. 0. 0. 0. 0. 0. 0. 0. 0. 0. 0. 0. 0. 0. 0. 0. 0. 0. 0. 0. 0. 0.
 0. 0. 0. 0. 0. 0. 0. 0.]
2025-02-19 15:35:40,220 - DEBUG - CNN-6_CIFAR10_batch_128 - First binarized pattern:
[-1. -1. -1. -1. -1. -1. -1. -1. -1. -1. -1. -1. -1. -1. -1. -1. -1. -1.
 -1. -1. -1. -1. -1. -1. -1. -1. -1. -1. -1. -1. -1. -1. -1. -1. -1. -1.
 -1. -1. -1. -1. -1. -1. -1. -1. -1. -1. -1. -1. -1. -1. -1. -1. -1. -1.
 -1. -1. -1. -1. -1. -1. -1. -1. -1. -1. -1. -1. -1. -1. -1. -1. -1. -1.
 -1. -1. -1. -1. -1. -1. -1. -1. -1. -1. -1. -1. -1. -1. -1. -1. -1. -1.
 -1. -1. -1. -1. -1. -1. -1. -1. -1. -1. -1. -1. -1. -1. -1. -1. -1. -1.
 -1. -1. -1. -1. -1. -1. -1. -1. -1. -1. -1. -1. -1. -1. -1. -1. -1. -1.
 -1. -1.]
2025-02-19 15:35:40,589 - INFO - CNN-6_CIFAR10_batch_128 - Total Unique Activation Patterns Found: 1
2025-02-19 15:35:42,316 - INFO - CNN-6_CIFAR10_batch_128 - Epoch 22/300 | Loss: 900.3660 | Train Acc: 9.66%
2025-02-19 15:35:42,318 - INFO - CNN-6_CIFAR10_batch_128 - Epoch 23/300 | Model: CNN-6 | Dataset: CIFAR10
2025-02-19 15:35:53,750 - INFO - CNN-6_CIFAR10_batch_128 - 🔎 Computing unique activation patterns for 50000 samples...
2025-02-19 15:35:53,765 - DEBUG - CNN-6_CIFAR10_batch_128 - First activation row (before binarization):
[0. 0. 0. 0. 0. 0. 0. 0. 0. 0. 0. 0. 0. 0. 0. 0. 0. 0. 0. 0. 0. 0. 0. 0.
 0. 0. 0. 0. 0. 0. 0. 0. 0. 0. 0. 0. 0. 0. 0. 0. 0. 0. 0. 0. 0. 0. 0. 0.
 0. 0. 0. 0. 0. 0. 0. 0. 0. 0. 0. 0. 0. 0. 0. 0. 0. 0. 0. 0. 0. 0. 0. 0.
 0. 0. 0. 0. 0. 0. 0. 0. 0. 0. 0. 0. 0. 0. 0. 0. 0. 0. 0. 0. 0. 0. 0. 0.
 0. 0. 0. 0. 0. 0. 0. 0. 0. 0. 0. 0. 0. 0. 0. 0. 0. 0. 0. 0. 0. 0. 0. 0.
 0. 0. 0. 0. 0. 0. 0. 0.]
2025-02-19 15:35:53,766 - DEBUG - CNN-6_CIFAR10_batch_128 - First binarized pattern:
[-1. -1. -1. -1. -1. -1. -1. -1. -1. -1. -1. -1. -1. -1. -1. -1. -1. -1.
 -1. -1. -1. -1. -1. -1. -1. -1. -1. -1. -1. -1. -1. -1. -1. -1. -1. -1.
 -1. -1. -1. -1. -1. -1. -1. -1. -1. -1. -1. -1. -1. -1. -1. -1. -1. -1.
 -1. -1. -1. -1. -1. -1. -1. -1. -1. -1. -1. -1. -1. -1. -1. -1. -1. -1.
 -1. -1. -1. -1. -1. -1. -1. -1. -1. -1. -1. -1. -1. -1. -1. -1. -1. -1.
 -1. -1. -1. -1. -1. -1. -1. -1. -1. -1. -1. -1. -1. -1. -1. -1. -1. -1.
 -1. -1. -1. -1. -1. -1. -1. -1. -1. -1. -1. -1. -1. -1. -1. -1. -1. -1.
 -1. -1.]
2025-02-19 15:35:54,136 - INFO - CNN-6_CIFAR10_batch_128 - Total Unique Activation Patterns Found: 1
2025-02-19 15:35:55,868 - INFO - CNN-6_CIFAR10_batch_128 - Epoch 23/300 | Loss: 900.3607 | Train Acc: 9.83%
2025-02-19 15:35:55,869 - INFO - CNN-6_CIFAR10_batch_128 - Epoch 24/300 | Model: CNN-6 | Dataset: CIFAR10
2025-02-19 15:36:07,378 - INFO - CNN-6_CIFAR10_batch_128 - 🔎 Computing unique activation patterns for 50000 samples...
2025-02-19 15:36:07,395 - DEBUG - CNN-6_CIFAR10_batch_128 - First activation row (before binarization):
[0. 0. 0. 0. 0. 0. 0. 0. 0. 0. 0. 0. 0. 0. 0. 0. 0. 0. 0. 0. 0. 0. 0. 0.
 0. 0. 0. 0. 0. 0. 0. 0. 0. 0. 0. 0. 0. 0. 0. 0. 0. 0. 0. 0. 0. 0. 0. 0.
 0. 0. 0. 0. 0. 0. 0. 0. 0. 0. 0. 0. 0. 0. 0. 0. 0. 0. 0. 0. 0. 0. 0. 0.
 0. 0. 0. 0. 0. 0. 0. 0. 0. 0. 0. 0. 0. 0. 0. 0. 0. 0. 0. 0. 0. 0. 0. 0.
 0. 0. 0. 0. 0. 0. 0. 0. 0. 0. 0. 0. 0. 0. 0. 0. 0. 0. 0. 0. 0. 0. 0. 0.
 0. 0. 0. 0. 0. 0. 0. 0.]
2025-02-19 15:36:07,396 - DEBUG - CNN-6_CIFAR10_batch_128 - First binarized pattern:
[-1. -1. -1. -1. -1. -1. -1. -1. -1. -1. -1. -1. -1. -1. -1. -1. -1. -1.
 -1. -1. -1. -1. -1. -1. -1. -1. -1. -1. -1. -1. -1. -1. -1. -1. -1. -1.
 -1. -1. -1. -1. -1. -1. -1. -1. -1. -1. -1. -1. -1. -1. -1. -1. -1. -1.
 -1. -1. -1. -1. -1. -1. -1. -1. -1. -1. -1. -1. -1. -1. -1. -1. -1. -1.
 -1. -1. -1. -1. -1. -1. -1. -1. -1. -1. -1. -1. -1. -1. -1. -1. -1. -1.
 -1. -1. -1. -1. -1. -1. -1. -1. -1. -1. -1. -1. -1. -1. -1. -1. -1. -1.
 -1. -1. -1. -1. -1. -1. -1. -1. -1. -1. -1. -1. -1. -1. -1. -1. -1. -1.
 -1. -1.]
2025-02-19 15:36:07,768 - INFO - CNN-6_CIFAR10_batch_128 - Total Unique Activation Patterns Found: 1
2025-02-19 15:36:09,499 - INFO - CNN-6_CIFAR10_batch_128 - Epoch 24/300 | Loss: 900.3503 | Train Acc: 9.77%
2025-02-19 15:36:09,500 - INFO - CNN-6_CIFAR10_batch_128 - Epoch 25/300 | Model: CNN-6 | Dataset: CIFAR10
2025-02-19 15:36:20,975 - INFO - CNN-6_CIFAR10_batch_128 - 🔎 Computing unique activation patterns for 50000 samples...
2025-02-19 15:36:20,990 - DEBUG - CNN-6_CIFAR10_batch_128 - First activation row (before binarization):
[0. 0. 0. 0. 0. 0. 0. 0. 0. 0. 0. 0. 0. 0. 0. 0. 0. 0. 0. 0. 0. 0. 0. 0.
 0. 0. 0. 0. 0. 0. 0. 0. 0. 0. 0. 0. 0. 0. 0. 0. 0. 0. 0. 0. 0. 0. 0. 0.
 0. 0. 0. 0. 0. 0. 0. 0. 0. 0. 0. 0. 0. 0. 0. 0. 0. 0. 0. 0. 0. 0. 0. 0.
 0. 0. 0. 0. 0. 0. 0. 0. 0. 0. 0. 0. 0. 0. 0. 0. 0. 0. 0. 0. 0. 0. 0. 0.
 0. 0. 0. 0. 0. 0. 0. 0. 0. 0. 0. 0. 0. 0. 0. 0. 0. 0. 0. 0. 0. 0. 0. 0.
 0. 0. 0. 0. 0. 0. 0. 0.]
2025-02-19 15:36:20,991 - DEBUG - CNN-6_CIFAR10_batch_128 - First binarized pattern:
[-1. -1. -1. -1. -1. -1. -1. -1. -1. -1. -1. -1. -1. -1. -1. -1. -1. -1.
 -1. -1. -1. -1. -1. -1. -1. -1. -1. -1. -1. -1. -1. -1. -1. -1. -1. -1.
 -1. -1. -1. -1. -1. -1. -1. -1. -1. -1. -1. -1. -1. -1. -1. -1. -1. -1.
 -1. -1. -1. -1. -1. -1. -1. -1. -1. -1. -1. -1. -1. -1. -1. -1. -1. -1.
 -1. -1. -1. -1. -1. -1. -1. -1. -1. -1. -1. -1. -1. -1. -1. -1. -1. -1.
 -1. -1. -1. -1. -1. -1. -1. -1. -1. -1. -1. -1. -1. -1. -1. -1. -1. -1.
 -1. -1. -1. -1. -1. -1. -1. -1. -1. -1. -1. -1. -1. -1. -1. -1. -1. -1.
 -1. -1.]
2025-02-19 15:36:21,361 - INFO - CNN-6_CIFAR10_batch_128 - Total Unique Activation Patterns Found: 1
2025-02-19 15:36:23,091 - INFO - CNN-6_CIFAR10_batch_128 - Epoch 25/300 | Loss: 900.3489 | Train Acc: 9.91%
2025-02-19 15:36:23,092 - INFO - CNN-6_CIFAR10_batch_128 - Epoch 26/300 | Model: CNN-6 | Dataset: CIFAR10
2025-02-19 15:36:34,232 - INFO - CNN-6_CIFAR10_batch_128 - 🔎 Computing unique activation patterns for 50000 samples...
2025-02-19 15:36:34,249 - DEBUG - CNN-6_CIFAR10_batch_128 - First activation row (before binarization):
[0. 0. 0. 0. 0. 0. 0. 0. 0. 0. 0. 0. 0. 0. 0. 0. 0. 0. 0. 0. 0. 0. 0. 0.
 0. 0. 0. 0. 0. 0. 0. 0. 0. 0. 0. 0. 0. 0. 0. 0. 0. 0. 0. 0. 0. 0. 0. 0.
 0. 0. 0. 0. 0. 0. 0. 0. 0. 0. 0. 0. 0. 0. 0. 0. 0. 0. 0. 0. 0. 0. 0. 0.
 0. 0. 0. 0. 0. 0. 0. 0. 0. 0. 0. 0. 0. 0. 0. 0. 0. 0. 0. 0. 0. 0. 0. 0.
 0. 0. 0. 0. 0. 0. 0. 0. 0. 0. 0. 0. 0. 0. 0. 0. 0. 0. 0. 0. 0. 0. 0. 0.
 0. 0. 0. 0. 0. 0. 0. 0.]
2025-02-19 15:36:34,250 - DEBUG - CNN-6_CIFAR10_batch_128 - First binarized pattern:
[-1. -1. -1. -1. -1. -1. -1. -1. -1. -1. -1. -1. -1. -1. -1. -1. -1. -1.
 -1. -1. -1. -1. -1. -1. -1. -1. -1. -1. -1. -1. -1. -1. -1. -1. -1. -1.
 -1. -1. -1. -1. -1. -1. -1. -1. -1. -1. -1. -1. -1. -1. -1. -1. -1. -1.
 -1. -1. -1. -1. -1. -1. -1. -1. -1. -1. -1. -1. -1. -1. -1. -1. -1. -1.
 -1. -1. -1. -1. -1. -1. -1. -1. -1. -1. -1. -1. -1. -1. -1. -1. -1. -1.
 -1. -1. -1. -1. -1. -1. -1. -1. -1. -1. -1. -1. -1. -1. -1. -1. -1. -1.
 -1. -1. -1. -1. -1. -1. -1. -1. -1. -1. -1. -1. -1. -1. -1. -1. -1. -1.
 -1. -1.]
2025-02-19 15:36:34,618 - INFO - CNN-6_CIFAR10_batch_128 - Total Unique Activation Patterns Found: 1
2025-02-19 15:36:36,352 - INFO - CNN-6_CIFAR10_batch_128 - Epoch 26/300 | Loss: 900.3486 | Train Acc: 9.74%
2025-02-19 15:36:36,354 - INFO - CNN-6_CIFAR10_batch_128 - Epoch 27/300 | Model: CNN-6 | Dataset: CIFAR10
2025-02-19 15:36:47,343 - INFO - CNN-6_CIFAR10_batch_128 - 🔎 Computing unique activation patterns for 50000 samples...
2025-02-19 15:36:47,358 - DEBUG - CNN-6_CIFAR10_batch_128 - First activation row (before binarization):
[0. 0. 0. 0. 0. 0. 0. 0. 0. 0. 0. 0. 0. 0. 0. 0. 0. 0. 0. 0. 0. 0. 0. 0.
 0. 0. 0. 0. 0. 0. 0. 0. 0. 0. 0. 0. 0. 0. 0. 0. 0. 0. 0. 0. 0. 0. 0. 0.
 0. 0. 0. 0. 0. 0. 0. 0. 0. 0. 0. 0. 0. 0. 0. 0. 0. 0. 0. 0. 0. 0. 0. 0.
 0. 0. 0. 0. 0. 0. 0. 0. 0. 0. 0. 0. 0. 0. 0. 0. 0. 0. 0. 0. 0. 0. 0. 0.
 0. 0. 0. 0. 0. 0. 0. 0. 0. 0. 0. 0. 0. 0. 0. 0. 0. 0. 0. 0. 0. 0. 0. 0.
 0. 0. 0. 0. 0. 0. 0. 0.]
2025-02-19 15:36:47,358 - DEBUG - CNN-6_CIFAR10_batch_128 - First binarized pattern:
[-1. -1. -1. -1. -1. -1. -1. -1. -1. -1. -1. -1. -1. -1. -1. -1. -1. -1.
 -1. -1. -1. -1. -1. -1. -1. -1. -1. -1. -1. -1. -1. -1. -1. -1. -1. -1.
 -1. -1. -1. -1. -1. -1. -1. -1. -1. -1. -1. -1. -1. -1. -1. -1. -1. -1.
 -1. -1. -1. -1. -1. -1. -1. -1. -1. -1. -1. -1. -1. -1. -1. -1. -1. -1.
 -1. -1. -1. -1. -1. -1. -1. -1. -1. -1. -1. -1. -1. -1. -1. -1. -1. -1.
 -1. -1. -1. -1. -1. -1. -1. -1. -1. -1. -1. -1. -1. -1. -1. -1. -1. -1.
 -1. -1. -1. -1. -1. -1. -1. -1. -1. -1. -1. -1. -1. -1. -1. -1. -1. -1.
 -1. -1.]
2025-02-19 15:36:47,729 - INFO - CNN-6_CIFAR10_batch_128 - Total Unique Activation Patterns Found: 1
2025-02-19 15:36:49,465 - INFO - CNN-6_CIFAR10_batch_128 - Epoch 27/300 | Loss: 900.3331 | Train Acc: 9.83%
2025-02-19 15:36:49,466 - INFO - CNN-6_CIFAR10_batch_128 - Epoch 28/300 | Model: CNN-6 | Dataset: CIFAR10
2025-02-19 15:37:00,399 - INFO - CNN-6_CIFAR10_batch_128 - 🔎 Computing unique activation patterns for 50000 samples...
2025-02-19 15:37:00,415 - DEBUG - CNN-6_CIFAR10_batch_128 - First activation row (before binarization):
[0. 0. 0. 0. 0. 0. 0. 0. 0. 0. 0. 0. 0. 0. 0. 0. 0. 0. 0. 0. 0. 0. 0. 0.
 0. 0. 0. 0. 0. 0. 0. 0. 0. 0. 0. 0. 0. 0. 0. 0. 0. 0. 0. 0. 0. 0. 0. 0.
 0. 0. 0. 0. 0. 0. 0. 0. 0. 0. 0. 0. 0. 0. 0. 0. 0. 0. 0. 0. 0. 0. 0. 0.
 0. 0. 0. 0. 0. 0. 0. 0. 0. 0. 0. 0. 0. 0. 0. 0. 0. 0. 0. 0. 0. 0. 0. 0.
 0. 0. 0. 0. 0. 0. 0. 0. 0. 0. 0. 0. 0. 0. 0. 0. 0. 0. 0. 0. 0. 0. 0. 0.
 0. 0. 0. 0. 0. 0. 0. 0.]
2025-02-19 15:37:00,416 - DEBUG - CNN-6_CIFAR10_batch_128 - First binarized pattern:
[-1. -1. -1. -1. -1. -1. -1. -1. -1. -1. -1. -1. -1. -1. -1. -1. -1. -1.
 -1. -1. -1. -1. -1. -1. -1. -1. -1. -1. -1. -1. -1. -1. -1. -1. -1. -1.
 -1. -1. -1. -1. -1. -1. -1. -1. -1. -1. -1. -1. -1. -1. -1. -1. -1. -1.
 -1. -1. -1. -1. -1. -1. -1. -1. -1. -1. -1. -1. -1. -1. -1. -1. -1. -1.
 -1. -1. -1. -1. -1. -1. -1. -1. -1. -1. -1. -1. -1. -1. -1. -1. -1. -1.
 -1. -1. -1. -1. -1. -1. -1. -1. -1. -1. -1. -1. -1. -1. -1. -1. -1. -1.
 -1. -1. -1. -1. -1. -1. -1. -1. -1. -1. -1. -1. -1. -1. -1. -1. -1. -1.
 -1. -1.]
2025-02-19 15:37:00,788 - INFO - CNN-6_CIFAR10_batch_128 - Total Unique Activation Patterns Found: 1
2025-02-19 15:37:02,521 - INFO - CNN-6_CIFAR10_batch_128 - Epoch 28/300 | Loss: 900.3359 | Train Acc: 9.78%
2025-02-19 15:37:02,522 - INFO - CNN-6_CIFAR10_batch_128 - Epoch 29/300 | Model: CNN-6 | Dataset: CIFAR10
2025-02-19 15:37:13,472 - INFO - CNN-6_CIFAR10_batch_128 - 🔎 Computing unique activation patterns for 50000 samples...
2025-02-19 15:37:13,487 - DEBUG - CNN-6_CIFAR10_batch_128 - First activation row (before binarization):
[0. 0. 0. 0. 0. 0. 0. 0. 0. 0. 0. 0. 0. 0. 0. 0. 0. 0. 0. 0. 0. 0. 0. 0.
 0. 0. 0. 0. 0. 0. 0. 0. 0. 0. 0. 0. 0. 0. 0. 0. 0. 0. 0. 0. 0. 0. 0. 0.
 0. 0. 0. 0. 0. 0. 0. 0. 0. 0. 0. 0. 0. 0. 0. 0. 0. 0. 0. 0. 0. 0. 0. 0.
 0. 0. 0. 0. 0. 0. 0. 0. 0. 0. 0. 0. 0. 0. 0. 0. 0. 0. 0. 0. 0. 0. 0. 0.
 0. 0. 0. 0. 0. 0. 0. 0. 0. 0. 0. 0. 0. 0. 0. 0. 0. 0. 0. 0. 0. 0. 0. 0.
 0. 0. 0. 0. 0. 0. 0. 0.]
2025-02-19 15:37:13,488 - DEBUG - CNN-6_CIFAR10_batch_128 - First binarized pattern:
[-1. -1. -1. -1. -1. -1. -1. -1. -1. -1. -1. -1. -1. -1. -1. -1. -1. -1.
 -1. -1. -1. -1. -1. -1. -1. -1. -1. -1. -1. -1. -1. -1. -1. -1. -1. -1.
 -1. -1. -1. -1. -1. -1. -1. -1. -1. -1. -1. -1. -1. -1. -1. -1. -1. -1.
 -1. -1. -1. -1. -1. -1. -1. -1. -1. -1. -1. -1. -1. -1. -1. -1. -1. -1.
 -1. -1. -1. -1. -1. -1. -1. -1. -1. -1. -1. -1. -1. -1. -1. -1. -1. -1.
 -1. -1. -1. -1. -1. -1. -1. -1. -1. -1. -1. -1. -1. -1. -1. -1. -1. -1.
 -1. -1. -1. -1. -1. -1. -1. -1. -1. -1. -1. -1. -1. -1. -1. -1. -1. -1.
 -1. -1.]
2025-02-19 15:37:13,860 - INFO - CNN-6_CIFAR10_batch_128 - Total Unique Activation Patterns Found: 1
2025-02-19 15:37:15,590 - INFO - CNN-6_CIFAR10_batch_128 - Epoch 29/300 | Loss: 900.3601 | Train Acc: 9.73%
2025-02-19 15:37:15,591 - INFO - CNN-6_CIFAR10_batch_128 - Epoch 30/300 | Model: CNN-6 | Dataset: CIFAR10
2025-02-19 15:37:26,522 - INFO - CNN-6_CIFAR10_batch_128 - 🔎 Computing unique activation patterns for 50000 samples...
2025-02-19 15:37:26,537 - DEBUG - CNN-6_CIFAR10_batch_128 - First activation row (before binarization):
[0. 0. 0. 0. 0. 0. 0. 0. 0. 0. 0. 0. 0. 0. 0. 0. 0. 0. 0. 0. 0. 0. 0. 0.
 0. 0. 0. 0. 0. 0. 0. 0. 0. 0. 0. 0. 0. 0. 0. 0. 0. 0. 0. 0. 0. 0. 0. 0.
 0. 0. 0. 0. 0. 0. 0. 0. 0. 0. 0. 0. 0. 0. 0. 0. 0. 0. 0. 0. 0. 0. 0. 0.
 0. 0. 0. 0. 0. 0. 0. 0. 0. 0. 0. 0. 0. 0. 0. 0. 0. 0. 0. 0. 0. 0. 0. 0.
 0. 0. 0. 0. 0. 0. 0. 0. 0. 0. 0. 0. 0. 0. 0. 0. 0. 0. 0. 0. 0. 0. 0. 0.
 0. 0. 0. 0. 0. 0. 0. 0.]
2025-02-19 15:37:26,537 - DEBUG - CNN-6_CIFAR10_batch_128 - First binarized pattern:
[-1. -1. -1. -1. -1. -1. -1. -1. -1. -1. -1. -1. -1. -1. -1. -1. -1. -1.
 -1. -1. -1. -1. -1. -1. -1. -1. -1. -1. -1. -1. -1. -1. -1. -1. -1. -1.
 -1. -1. -1. -1. -1. -1. -1. -1. -1. -1. -1. -1. -1. -1. -1. -1. -1. -1.
 -1. -1. -1. -1. -1. -1. -1. -1. -1. -1. -1. -1. -1. -1. -1. -1. -1. -1.
 -1. -1. -1. -1. -1. -1. -1. -1. -1. -1. -1. -1. -1. -1. -1. -1. -1. -1.
 -1. -1. -1. -1. -1. -1. -1. -1. -1. -1. -1. -1. -1. -1. -1. -1. -1. -1.
 -1. -1. -1. -1. -1. -1. -1. -1. -1. -1. -1. -1. -1. -1. -1. -1. -1. -1.
 -1. -1.]
2025-02-19 15:37:26,908 - INFO - CNN-6_CIFAR10_batch_128 - Total Unique Activation Patterns Found: 1
2025-02-19 15:37:28,639 - INFO - CNN-6_CIFAR10_batch_128 - Epoch 30/300 | Loss: 900.3539 | Train Acc: 9.85%
2025-02-19 15:37:28,640 - INFO - CNN-6_CIFAR10_batch_128 - Epoch 31/300 | Model: CNN-6 | Dataset: CIFAR10
2025-02-19 15:37:39,582 - INFO - CNN-6_CIFAR10_batch_128 - 🔎 Computing unique activation patterns for 50000 samples...
2025-02-19 15:37:39,599 - DEBUG - CNN-6_CIFAR10_batch_128 - First activation row (before binarization):
[0. 0. 0. 0. 0. 0. 0. 0. 0. 0. 0. 0. 0. 0. 0. 0. 0. 0. 0. 0. 0. 0. 0. 0.
 0. 0. 0. 0. 0. 0. 0. 0. 0. 0. 0. 0. 0. 0. 0. 0. 0. 0. 0. 0. 0. 0. 0. 0.
 0. 0. 0. 0. 0. 0. 0. 0. 0. 0. 0. 0. 0. 0. 0. 0. 0. 0. 0. 0. 0. 0. 0. 0.
 0. 0. 0. 0. 0. 0. 0. 0. 0. 0. 0. 0. 0. 0. 0. 0. 0. 0. 0. 0. 0. 0. 0. 0.
 0. 0. 0. 0. 0. 0. 0. 0. 0. 0. 0. 0. 0. 0. 0. 0. 0. 0. 0. 0. 0. 0. 0. 0.
 0. 0. 0. 0. 0. 0. 0. 0.]
2025-02-19 15:37:39,600 - DEBUG - CNN-6_CIFAR10_batch_128 - First binarized pattern:
[-1. -1. -1. -1. -1. -1. -1. -1. -1. -1. -1. -1. -1. -1. -1. -1. -1. -1.
 -1. -1. -1. -1. -1. -1. -1. -1. -1. -1. -1. -1. -1. -1. -1. -1. -1. -1.
 -1. -1. -1. -1. -1. -1. -1. -1. -1. -1. -1. -1. -1. -1. -1. -1. -1. -1.
 -1. -1. -1. -1. -1. -1. -1. -1. -1. -1. -1. -1. -1. -1. -1. -1. -1. -1.
 -1. -1. -1. -1. -1. -1. -1. -1. -1. -1. -1. -1. -1. -1. -1. -1. -1. -1.
 -1. -1. -1. -1. -1. -1. -1. -1. -1. -1. -1. -1. -1. -1. -1. -1. -1. -1.
 -1. -1. -1. -1. -1. -1. -1. -1. -1. -1. -1. -1. -1. -1. -1. -1. -1. -1.
 -1. -1.]
2025-02-19 15:37:39,970 - INFO - CNN-6_CIFAR10_batch_128 - Total Unique Activation Patterns Found: 1
2025-02-19 15:37:41,682 - INFO - CNN-6_CIFAR10_batch_128 - Epoch 31/300 | Loss: 900.3451 | Train Acc: 9.92%
2025-02-19 15:37:41,683 - INFO - CNN-6_CIFAR10_batch_128 - Epoch 32/300 | Model: CNN-6 | Dataset: CIFAR10
2025-02-19 15:37:52,499 - INFO - CNN-6_CIFAR10_batch_128 - 🔎 Computing unique activation patterns for 50000 samples...
2025-02-19 15:37:52,514 - DEBUG - CNN-6_CIFAR10_batch_128 - First activation row (before binarization):
[0. 0. 0. 0. 0. 0. 0. 0. 0. 0. 0. 0. 0. 0. 0. 0. 0. 0. 0. 0. 0. 0. 0. 0.
 0. 0. 0. 0. 0. 0. 0. 0. 0. 0. 0. 0. 0. 0. 0. 0. 0. 0. 0. 0. 0. 0. 0. 0.
 0. 0. 0. 0. 0. 0. 0. 0. 0. 0. 0. 0. 0. 0. 0. 0. 0. 0. 0. 0. 0. 0. 0. 0.
 0. 0. 0. 0. 0. 0. 0. 0. 0. 0. 0. 0. 0. 0. 0. 0. 0. 0. 0. 0. 0. 0. 0. 0.
 0. 0. 0. 0. 0. 0. 0. 0. 0. 0. 0. 0. 0. 0. 0. 0. 0. 0. 0. 0. 0. 0. 0. 0.
 0. 0. 0. 0. 0. 0. 0. 0.]
2025-02-19 15:37:52,515 - DEBUG - CNN-6_CIFAR10_batch_128 - First binarized pattern:
[-1. -1. -1. -1. -1. -1. -1. -1. -1. -1. -1. -1. -1. -1. -1. -1. -1. -1.
 -1. -1. -1. -1. -1. -1. -1. -1. -1. -1. -1. -1. -1. -1. -1. -1. -1. -1.
 -1. -1. -1. -1. -1. -1. -1. -1. -1. -1. -1. -1. -1. -1. -1. -1. -1. -1.
 -1. -1. -1. -1. -1. -1. -1. -1. -1. -1. -1. -1. -1. -1. -1. -1. -1. -1.
 -1. -1. -1. -1. -1. -1. -1. -1. -1. -1. -1. -1. -1. -1. -1. -1. -1. -1.
 -1. -1. -1. -1. -1. -1. -1. -1. -1. -1. -1. -1. -1. -1. -1. -1. -1. -1.
 -1. -1. -1. -1. -1. -1. -1. -1. -1. -1. -1. -1. -1. -1. -1. -1. -1. -1.
 -1. -1.]
2025-02-19 15:37:52,884 - INFO - CNN-6_CIFAR10_batch_128 - Total Unique Activation Patterns Found: 1
2025-02-19 15:37:54,596 - INFO - CNN-6_CIFAR10_batch_128 - Epoch 32/300 | Loss: 900.3527 | Train Acc: 10.02%
2025-02-19 15:37:54,597 - INFO - CNN-6_CIFAR10_batch_128 - Epoch 33/300 | Model: CNN-6 | Dataset: CIFAR10
2025-02-19 15:38:05,421 - INFO - CNN-6_CIFAR10_batch_128 - 🔎 Computing unique activation patterns for 50000 samples...
2025-02-19 15:38:05,437 - DEBUG - CNN-6_CIFAR10_batch_128 - First activation row (before binarization):
[0. 0. 0. 0. 0. 0. 0. 0. 0. 0. 0. 0. 0. 0. 0. 0. 0. 0. 0. 0. 0. 0. 0. 0.
 0. 0. 0. 0. 0. 0. 0. 0. 0. 0. 0. 0. 0. 0. 0. 0. 0. 0. 0. 0. 0. 0. 0. 0.
 0. 0. 0. 0. 0. 0. 0. 0. 0. 0. 0. 0. 0. 0. 0. 0. 0. 0. 0. 0. 0. 0. 0. 0.
 0. 0. 0. 0. 0. 0. 0. 0. 0. 0. 0. 0. 0. 0. 0. 0. 0. 0. 0. 0. 0. 0. 0. 0.
 0. 0. 0. 0. 0. 0. 0. 0. 0. 0. 0. 0. 0. 0. 0. 0. 0. 0. 0. 0. 0. 0. 0. 0.
 0. 0. 0. 0. 0. 0. 0. 0.]
2025-02-19 15:38:05,438 - DEBUG - CNN-6_CIFAR10_batch_128 - First binarized pattern:
[-1. -1. -1. -1. -1. -1. -1. -1. -1. -1. -1. -1. -1. -1. -1. -1. -1. -1.
 -1. -1. -1. -1. -1. -1. -1. -1. -1. -1. -1. -1. -1. -1. -1. -1. -1. -1.
 -1. -1. -1. -1. -1. -1. -1. -1. -1. -1. -1. -1. -1. -1. -1. -1. -1. -1.
 -1. -1. -1. -1. -1. -1. -1. -1. -1. -1. -1. -1. -1. -1. -1. -1. -1. -1.
 -1. -1. -1. -1. -1. -1. -1. -1. -1. -1. -1. -1. -1. -1. -1. -1. -1. -1.
 -1. -1. -1. -1. -1. -1. -1. -1. -1. -1. -1. -1. -1. -1. -1. -1. -1. -1.
 -1. -1. -1. -1. -1. -1. -1. -1. -1. -1. -1. -1. -1. -1. -1. -1. -1. -1.
 -1. -1.]
2025-02-19 15:38:05,807 - INFO - CNN-6_CIFAR10_batch_128 - Total Unique Activation Patterns Found: 1
2025-02-19 15:38:07,517 - INFO - CNN-6_CIFAR10_batch_128 - Epoch 33/300 | Loss: 900.3535 | Train Acc: 9.77%
2025-02-19 15:38:07,518 - INFO - CNN-6_CIFAR10_batch_128 - Epoch 34/300 | Model: CNN-6 | Dataset: CIFAR10
2025-02-19 15:38:18,317 - INFO - CNN-6_CIFAR10_batch_128 - 🔎 Computing unique activation patterns for 50000 samples...
2025-02-19 15:38:18,332 - DEBUG - CNN-6_CIFAR10_batch_128 - First activation row (before binarization):
[0. 0. 0. 0. 0. 0. 0. 0. 0. 0. 0. 0. 0. 0. 0. 0. 0. 0. 0. 0. 0. 0. 0. 0.
 0. 0. 0. 0. 0. 0. 0. 0. 0. 0. 0. 0. 0. 0. 0. 0. 0. 0. 0. 0. 0. 0. 0. 0.
 0. 0. 0. 0. 0. 0. 0. 0. 0. 0. 0. 0. 0. 0. 0. 0. 0. 0. 0. 0. 0. 0. 0. 0.
 0. 0. 0. 0. 0. 0. 0. 0. 0. 0. 0. 0. 0. 0. 0. 0. 0. 0. 0. 0. 0. 0. 0. 0.
 0. 0. 0. 0. 0. 0. 0. 0. 0. 0. 0. 0. 0. 0. 0. 0. 0. 0. 0. 0. 0. 0. 0. 0.
 0. 0. 0. 0. 0. 0. 0. 0.]
2025-02-19 15:38:18,333 - DEBUG - CNN-6_CIFAR10_batch_128 - First binarized pattern:
[-1. -1. -1. -1. -1. -1. -1. -1. -1. -1. -1. -1. -1. -1. -1. -1. -1. -1.
 -1. -1. -1. -1. -1. -1. -1. -1. -1. -1. -1. -1. -1. -1. -1. -1. -1. -1.
 -1. -1. -1. -1. -1. -1. -1. -1. -1. -1. -1. -1. -1. -1. -1. -1. -1. -1.
 -1. -1. -1. -1. -1. -1. -1. -1. -1. -1. -1. -1. -1. -1. -1. -1. -1. -1.
 -1. -1. -1. -1. -1. -1. -1. -1. -1. -1. -1. -1. -1. -1. -1. -1. -1. -1.
 -1. -1. -1. -1. -1. -1. -1. -1. -1. -1. -1. -1. -1. -1. -1. -1. -1. -1.
 -1. -1. -1. -1. -1. -1. -1. -1. -1. -1. -1. -1. -1. -1. -1. -1. -1. -1.
 -1. -1.]
2025-02-19 15:38:18,703 - INFO - CNN-6_CIFAR10_batch_128 - Total Unique Activation Patterns Found: 1
2025-02-19 15:38:20,419 - INFO - CNN-6_CIFAR10_batch_128 - Epoch 34/300 | Loss: 900.3398 | Train Acc: 9.90%
2025-02-19 15:38:20,420 - INFO - CNN-6_CIFAR10_batch_128 - Epoch 35/300 | Model: CNN-6 | Dataset: CIFAR10
2025-02-19 15:38:31,238 - INFO - CNN-6_CIFAR10_batch_128 - 🔎 Computing unique activation patterns for 50000 samples...
2025-02-19 15:38:31,253 - DEBUG - CNN-6_CIFAR10_batch_128 - First activation row (before binarization):
[0. 0. 0. 0. 0. 0. 0. 0. 0. 0. 0. 0. 0. 0. 0. 0. 0. 0. 0. 0. 0. 0. 0. 0.
 0. 0. 0. 0. 0. 0. 0. 0. 0. 0. 0. 0. 0. 0. 0. 0. 0. 0. 0. 0. 0. 0. 0. 0.
 0. 0. 0. 0. 0. 0. 0. 0. 0. 0. 0. 0. 0. 0. 0. 0. 0. 0. 0. 0. 0. 0. 0. 0.
 0. 0. 0. 0. 0. 0. 0. 0. 0. 0. 0. 0. 0. 0. 0. 0. 0. 0. 0. 0. 0. 0. 0. 0.
 0. 0. 0. 0. 0. 0. 0. 0. 0. 0. 0. 0. 0. 0. 0. 0. 0. 0. 0. 0. 0. 0. 0. 0.
 0. 0. 0. 0. 0. 0. 0. 0.]
2025-02-19 15:38:31,254 - DEBUG - CNN-6_CIFAR10_batch_128 - First binarized pattern:
[-1. -1. -1. -1. -1. -1. -1. -1. -1. -1. -1. -1. -1. -1. -1. -1. -1. -1.
 -1. -1. -1. -1. -1. -1. -1. -1. -1. -1. -1. -1. -1. -1. -1. -1. -1. -1.
 -1. -1. -1. -1. -1. -1. -1. -1. -1. -1. -1. -1. -1. -1. -1. -1. -1. -1.
 -1. -1. -1. -1. -1. -1. -1. -1. -1. -1. -1. -1. -1. -1. -1. -1. -1. -1.
 -1. -1. -1. -1. -1. -1. -1. -1. -1. -1. -1. -1. -1. -1. -1. -1. -1. -1.
 -1. -1. -1. -1. -1. -1. -1. -1. -1. -1. -1. -1. -1. -1. -1. -1. -1. -1.
 -1. -1. -1. -1. -1. -1. -1. -1. -1. -1. -1. -1. -1. -1. -1. -1. -1. -1.
 -1. -1.]
2025-02-19 15:38:31,623 - INFO - CNN-6_CIFAR10_batch_128 - Total Unique Activation Patterns Found: 1
2025-02-19 15:38:33,339 - INFO - CNN-6_CIFAR10_batch_128 - Epoch 35/300 | Loss: 900.3349 | Train Acc: 9.76%
2025-02-19 15:38:33,340 - INFO - CNN-6_CIFAR10_batch_128 - Epoch 36/300 | Model: CNN-6 | Dataset: CIFAR10
2025-02-19 15:38:44,193 - INFO - CNN-6_CIFAR10_batch_128 - 🔎 Computing unique activation patterns for 50000 samples...
2025-02-19 15:38:44,210 - DEBUG - CNN-6_CIFAR10_batch_128 - First activation row (before binarization):
[0. 0. 0. 0. 0. 0. 0. 0. 0. 0. 0. 0. 0. 0. 0. 0. 0. 0. 0. 0. 0. 0. 0. 0.
 0. 0. 0. 0. 0. 0. 0. 0. 0. 0. 0. 0. 0. 0. 0. 0. 0. 0. 0. 0. 0. 0. 0. 0.
 0. 0. 0. 0. 0. 0. 0. 0. 0. 0. 0. 0. 0. 0. 0. 0. 0. 0. 0. 0. 0. 0. 0. 0.
 0. 0. 0. 0. 0. 0. 0. 0. 0. 0. 0. 0. 0. 0. 0. 0. 0. 0. 0. 0. 0. 0. 0. 0.
 0. 0. 0. 0. 0. 0. 0. 0. 0. 0. 0. 0. 0. 0. 0. 0. 0. 0. 0. 0. 0. 0. 0. 0.
 0. 0. 0. 0. 0. 0. 0. 0.]
2025-02-19 15:38:44,210 - DEBUG - CNN-6_CIFAR10_batch_128 - First binarized pattern:
[-1. -1. -1. -1. -1. -1. -1. -1. -1. -1. -1. -1. -1. -1. -1. -1. -1. -1.
 -1. -1. -1. -1. -1. -1. -1. -1. -1. -1. -1. -1. -1. -1. -1. -1. -1. -1.
 -1. -1. -1. -1. -1. -1. -1. -1. -1. -1. -1. -1. -1. -1. -1. -1. -1. -1.
 -1. -1. -1. -1. -1. -1. -1. -1. -1. -1. -1. -1. -1. -1. -1. -1. -1. -1.
 -1. -1. -1. -1. -1. -1. -1. -1. -1. -1. -1. -1. -1. -1. -1. -1. -1. -1.
 -1. -1. -1. -1. -1. -1. -1. -1. -1. -1. -1. -1. -1. -1. -1. -1. -1. -1.
 -1. -1. -1. -1. -1. -1. -1. -1. -1. -1. -1. -1. -1. -1. -1. -1. -1. -1.
 -1. -1.]
2025-02-19 15:38:44,580 - INFO - CNN-6_CIFAR10_batch_128 - Total Unique Activation Patterns Found: 1
2025-02-19 15:38:46,287 - INFO - CNN-6_CIFAR10_batch_128 - Epoch 36/300 | Loss: 900.3247 | Train Acc: 9.83%
2025-02-19 15:38:46,288 - INFO - CNN-6_CIFAR10_batch_128 - Epoch 37/300 | Model: CNN-6 | Dataset: CIFAR10
2025-02-19 15:38:57,091 - INFO - CNN-6_CIFAR10_batch_128 - 🔎 Computing unique activation patterns for 50000 samples...
2025-02-19 15:38:57,106 - DEBUG - CNN-6_CIFAR10_batch_128 - First activation row (before binarization):
[0. 0. 0. 0. 0. 0. 0. 0. 0. 0. 0. 0. 0. 0. 0. 0. 0. 0. 0. 0. 0. 0. 0. 0.
 0. 0. 0. 0. 0. 0. 0. 0. 0. 0. 0. 0. 0. 0. 0. 0. 0. 0. 0. 0. 0. 0. 0. 0.
 0. 0. 0. 0. 0. 0. 0. 0. 0. 0. 0. 0. 0. 0. 0. 0. 0. 0. 0. 0. 0. 0. 0. 0.
 0. 0. 0. 0. 0. 0. 0. 0. 0. 0. 0. 0. 0. 0. 0. 0. 0. 0. 0. 0. 0. 0. 0. 0.
 0. 0. 0. 0. 0. 0. 0. 0. 0. 0. 0. 0. 0. 0. 0. 0. 0. 0. 0. 0. 0. 0. 0. 0.
 0. 0. 0. 0. 0. 0. 0. 0.]
2025-02-19 15:38:57,107 - DEBUG - CNN-6_CIFAR10_batch_128 - First binarized pattern:
[-1. -1. -1. -1. -1. -1. -1. -1. -1. -1. -1. -1. -1. -1. -1. -1. -1. -1.
 -1. -1. -1. -1. -1. -1. -1. -1. -1. -1. -1. -1. -1. -1. -1. -1. -1. -1.
 -1. -1. -1. -1. -1. -1. -1. -1. -1. -1. -1. -1. -1. -1. -1. -1. -1. -1.
 -1. -1. -1. -1. -1. -1. -1. -1. -1. -1. -1. -1. -1. -1. -1. -1. -1. -1.
 -1. -1. -1. -1. -1. -1. -1. -1. -1. -1. -1. -1. -1. -1. -1. -1. -1. -1.
 -1. -1. -1. -1. -1. -1. -1. -1. -1. -1. -1. -1. -1. -1. -1. -1. -1. -1.
 -1. -1. -1. -1. -1. -1. -1. -1. -1. -1. -1. -1. -1. -1. -1. -1. -1. -1.
 -1. -1.]
2025-02-19 15:38:57,476 - INFO - CNN-6_CIFAR10_batch_128 - Total Unique Activation Patterns Found: 1
2025-02-19 15:38:59,188 - INFO - CNN-6_CIFAR10_batch_128 - Epoch 37/300 | Loss: 900.3431 | Train Acc: 9.70%
2025-02-19 15:38:59,189 - INFO - CNN-6_CIFAR10_batch_128 - Epoch 38/300 | Model: CNN-6 | Dataset: CIFAR10
2025-02-19 15:39:09,990 - INFO - CNN-6_CIFAR10_batch_128 - 🔎 Computing unique activation patterns for 50000 samples...
2025-02-19 15:39:10,007 - DEBUG - CNN-6_CIFAR10_batch_128 - First activation row (before binarization):
[0. 0. 0. 0. 0. 0. 0. 0. 0. 0. 0. 0. 0. 0. 0. 0. 0. 0. 0. 0. 0. 0. 0. 0.
 0. 0. 0. 0. 0. 0. 0. 0. 0. 0. 0. 0. 0. 0. 0. 0. 0. 0. 0. 0. 0. 0. 0. 0.
 0. 0. 0. 0. 0. 0. 0. 0. 0. 0. 0. 0. 0. 0. 0. 0. 0. 0. 0. 0. 0. 0. 0. 0.
 0. 0. 0. 0. 0. 0. 0. 0. 0. 0. 0. 0. 0. 0. 0. 0. 0. 0. 0. 0. 0. 0. 0. 0.
 0. 0. 0. 0. 0. 0. 0. 0. 0. 0. 0. 0. 0. 0. 0. 0. 0. 0. 0. 0. 0. 0. 0. 0.
 0. 0. 0. 0. 0. 0. 0. 0.]
2025-02-19 15:39:10,007 - DEBUG - CNN-6_CIFAR10_batch_128 - First binarized pattern:
[-1. -1. -1. -1. -1. -1. -1. -1. -1. -1. -1. -1. -1. -1. -1. -1. -1. -1.
 -1. -1. -1. -1. -1. -1. -1. -1. -1. -1. -1. -1. -1. -1. -1. -1. -1. -1.
 -1. -1. -1. -1. -1. -1. -1. -1. -1. -1. -1. -1. -1. -1. -1. -1. -1. -1.
 -1. -1. -1. -1. -1. -1. -1. -1. -1. -1. -1. -1. -1. -1. -1. -1. -1. -1.
 -1. -1. -1. -1. -1. -1. -1. -1. -1. -1. -1. -1. -1. -1. -1. -1. -1. -1.
 -1. -1. -1. -1. -1. -1. -1. -1. -1. -1. -1. -1. -1. -1. -1. -1. -1. -1.
 -1. -1. -1. -1. -1. -1. -1. -1. -1. -1. -1. -1. -1. -1. -1. -1. -1. -1.
 -1. -1.]
2025-02-19 15:39:10,377 - INFO - CNN-6_CIFAR10_batch_128 - Total Unique Activation Patterns Found: 1
2025-02-19 15:39:12,085 - INFO - CNN-6_CIFAR10_batch_128 - Epoch 38/300 | Loss: 900.3408 | Train Acc: 9.89%
2025-02-19 15:39:12,086 - INFO - CNN-6_CIFAR10_batch_128 - Epoch 39/300 | Model: CNN-6 | Dataset: CIFAR10
2025-02-19 15:39:22,918 - INFO - CNN-6_CIFAR10_batch_128 - 🔎 Computing unique activation patterns for 50000 samples...
2025-02-19 15:39:22,933 - DEBUG - CNN-6_CIFAR10_batch_128 - First activation row (before binarization):
[0. 0. 0. 0. 0. 0. 0. 0. 0. 0. 0. 0. 0. 0. 0. 0. 0. 0. 0. 0. 0. 0. 0. 0.
 0. 0. 0. 0. 0. 0. 0. 0. 0. 0. 0. 0. 0. 0. 0. 0. 0. 0. 0. 0. 0. 0. 0. 0.
 0. 0. 0. 0. 0. 0. 0. 0. 0. 0. 0. 0. 0. 0. 0. 0. 0. 0. 0. 0. 0. 0. 0. 0.
 0. 0. 0. 0. 0. 0. 0. 0. 0. 0. 0. 0. 0. 0. 0. 0. 0. 0. 0. 0. 0. 0. 0. 0.
 0. 0. 0. 0. 0. 0. 0. 0. 0. 0. 0. 0. 0. 0. 0. 0. 0. 0. 0. 0. 0. 0. 0. 0.
 0. 0. 0. 0. 0. 0. 0. 0.]
2025-02-19 15:39:22,934 - DEBUG - CNN-6_CIFAR10_batch_128 - First binarized pattern:
[-1. -1. -1. -1. -1. -1. -1. -1. -1. -1. -1. -1. -1. -1. -1. -1. -1. -1.
 -1. -1. -1. -1. -1. -1. -1. -1. -1. -1. -1. -1. -1. -1. -1. -1. -1. -1.
 -1. -1. -1. -1. -1. -1. -1. -1. -1. -1. -1. -1. -1. -1. -1. -1. -1. -1.
 -1. -1. -1. -1. -1. -1. -1. -1. -1. -1. -1. -1. -1. -1. -1. -1. -1. -1.
 -1. -1. -1. -1. -1. -1. -1. -1. -1. -1. -1. -1. -1. -1. -1. -1. -1. -1.
 -1. -1. -1. -1. -1. -1. -1. -1. -1. -1. -1. -1. -1. -1. -1. -1. -1. -1.
 -1. -1. -1. -1. -1. -1. -1. -1. -1. -1. -1. -1. -1. -1. -1. -1. -1. -1.
 -1. -1.]
2025-02-19 15:39:23,304 - INFO - CNN-6_CIFAR10_batch_128 - Total Unique Activation Patterns Found: 1
2025-02-19 15:39:25,014 - INFO - CNN-6_CIFAR10_batch_128 - Epoch 39/300 | Loss: 900.3258 | Train Acc: 9.88%
2025-02-19 15:39:25,016 - INFO - CNN-6_CIFAR10_batch_128 - Epoch 40/300 | Model: CNN-6 | Dataset: CIFAR10
2025-02-19 15:39:35,855 - INFO - CNN-6_CIFAR10_batch_128 - 🔎 Computing unique activation patterns for 50000 samples...
2025-02-19 15:39:35,871 - DEBUG - CNN-6_CIFAR10_batch_128 - First activation row (before binarization):
[0. 0. 0. 0. 0. 0. 0. 0. 0. 0. 0. 0. 0. 0. 0. 0. 0. 0. 0. 0. 0. 0. 0. 0.
 0. 0. 0. 0. 0. 0. 0. 0. 0. 0. 0. 0. 0. 0. 0. 0. 0. 0. 0. 0. 0. 0. 0. 0.
 0. 0. 0. 0. 0. 0. 0. 0. 0. 0. 0. 0. 0. 0. 0. 0. 0. 0. 0. 0. 0. 0. 0. 0.
 0. 0. 0. 0. 0. 0. 0. 0. 0. 0. 0. 0. 0. 0. 0. 0. 0. 0. 0. 0. 0. 0. 0. 0.
 0. 0. 0. 0. 0. 0. 0. 0. 0. 0. 0. 0. 0. 0. 0. 0. 0. 0. 0. 0. 0. 0. 0. 0.
 0. 0. 0. 0. 0. 0. 0. 0.]
2025-02-19 15:39:35,872 - DEBUG - CNN-6_CIFAR10_batch_128 - First binarized pattern:
[-1. -1. -1. -1. -1. -1. -1. -1. -1. -1. -1. -1. -1. -1. -1. -1. -1. -1.
 -1. -1. -1. -1. -1. -1. -1. -1. -1. -1. -1. -1. -1. -1. -1. -1. -1. -1.
 -1. -1. -1. -1. -1. -1. -1. -1. -1. -1. -1. -1. -1. -1. -1. -1. -1. -1.
 -1. -1. -1. -1. -1. -1. -1. -1. -1. -1. -1. -1. -1. -1. -1. -1. -1. -1.
 -1. -1. -1. -1. -1. -1. -1. -1. -1. -1. -1. -1. -1. -1. -1. -1. -1. -1.
 -1. -1. -1. -1. -1. -1. -1. -1. -1. -1. -1. -1. -1. -1. -1. -1. -1. -1.
 -1. -1. -1. -1. -1. -1. -1. -1. -1. -1. -1. -1. -1. -1. -1. -1. -1. -1.
 -1. -1.]
2025-02-19 15:39:36,241 - INFO - CNN-6_CIFAR10_batch_128 - Total Unique Activation Patterns Found: 1
2025-02-19 15:39:37,954 - INFO - CNN-6_CIFAR10_batch_128 - Epoch 40/300 | Loss: 900.3404 | Train Acc: 9.90%
2025-02-19 15:39:37,955 - INFO - CNN-6_CIFAR10_batch_128 - Epoch 41/300 | Model: CNN-6 | Dataset: CIFAR10
2025-02-19 15:39:48,774 - INFO - CNN-6_CIFAR10_batch_128 - 🔎 Computing unique activation patterns for 50000 samples...
2025-02-19 15:39:48,789 - DEBUG - CNN-6_CIFAR10_batch_128 - First activation row (before binarization):
[0. 0. 0. 0. 0. 0. 0. 0. 0. 0. 0. 0. 0. 0. 0. 0. 0. 0. 0. 0. 0. 0. 0. 0.
 0. 0. 0. 0. 0. 0. 0. 0. 0. 0. 0. 0. 0. 0. 0. 0. 0. 0. 0. 0. 0. 0. 0. 0.
 0. 0. 0. 0. 0. 0. 0. 0. 0. 0. 0. 0. 0. 0. 0. 0. 0. 0. 0. 0. 0. 0. 0. 0.
 0. 0. 0. 0. 0. 0. 0. 0. 0. 0. 0. 0. 0. 0. 0. 0. 0. 0. 0. 0. 0. 0. 0. 0.
 0. 0. 0. 0. 0. 0. 0. 0. 0. 0. 0. 0. 0. 0. 0. 0. 0. 0. 0. 0. 0. 0. 0. 0.
 0. 0. 0. 0. 0. 0. 0. 0.]
2025-02-19 15:39:48,790 - DEBUG - CNN-6_CIFAR10_batch_128 - First binarized pattern:
[-1. -1. -1. -1. -1. -1. -1. -1. -1. -1. -1. -1. -1. -1. -1. -1. -1. -1.
 -1. -1. -1. -1. -1. -1. -1. -1. -1. -1. -1. -1. -1. -1. -1. -1. -1. -1.
 -1. -1. -1. -1. -1. -1. -1. -1. -1. -1. -1. -1. -1. -1. -1. -1. -1. -1.
 -1. -1. -1. -1. -1. -1. -1. -1. -1. -1. -1. -1. -1. -1. -1. -1. -1. -1.
 -1. -1. -1. -1. -1. -1. -1. -1. -1. -1. -1. -1. -1. -1. -1. -1. -1. -1.
 -1. -1. -1. -1. -1. -1. -1. -1. -1. -1. -1. -1. -1. -1. -1. -1. -1. -1.
 -1. -1. -1. -1. -1. -1. -1. -1. -1. -1. -1. -1. -1. -1. -1. -1. -1. -1.
 -1. -1.]
2025-02-19 15:39:49,161 - INFO - CNN-6_CIFAR10_batch_128 - Total Unique Activation Patterns Found: 1
2025-02-19 15:39:50,872 - INFO - CNN-6_CIFAR10_batch_128 - Epoch 41/300 | Loss: 900.3465 | Train Acc: 9.81%
2025-02-19 15:39:50,873 - INFO - CNN-6_CIFAR10_batch_128 - Epoch 42/300 | Model: CNN-6 | Dataset: CIFAR10
2025-02-19 15:40:01,730 - INFO - CNN-6_CIFAR10_batch_128 - 🔎 Computing unique activation patterns for 50000 samples...
2025-02-19 15:40:01,747 - DEBUG - CNN-6_CIFAR10_batch_128 - First activation row (before binarization):
[0. 0. 0. 0. 0. 0. 0. 0. 0. 0. 0. 0. 0. 0. 0. 0. 0. 0. 0. 0. 0. 0. 0. 0.
 0. 0. 0. 0. 0. 0. 0. 0. 0. 0. 0. 0. 0. 0. 0. 0. 0. 0. 0. 0. 0. 0. 0. 0.
 0. 0. 0. 0. 0. 0. 0. 0. 0. 0. 0. 0. 0. 0. 0. 0. 0. 0. 0. 0. 0. 0. 0. 0.
 0. 0. 0. 0. 0. 0. 0. 0. 0. 0. 0. 0. 0. 0. 0. 0. 0. 0. 0. 0. 0. 0. 0. 0.
 0. 0. 0. 0. 0. 0. 0. 0. 0. 0. 0. 0. 0. 0. 0. 0. 0. 0. 0. 0. 0. 0. 0. 0.
 0. 0. 0. 0. 0. 0. 0. 0.]
2025-02-19 15:40:01,747 - DEBUG - CNN-6_CIFAR10_batch_128 - First binarized pattern:
[-1. -1. -1. -1. -1. -1. -1. -1. -1. -1. -1. -1. -1. -1. -1. -1. -1. -1.
 -1. -1. -1. -1. -1. -1. -1. -1. -1. -1. -1. -1. -1. -1. -1. -1. -1. -1.
 -1. -1. -1. -1. -1. -1. -1. -1. -1. -1. -1. -1. -1. -1. -1. -1. -1. -1.
 -1. -1. -1. -1. -1. -1. -1. -1. -1. -1. -1. -1. -1. -1. -1. -1. -1. -1.
 -1. -1. -1. -1. -1. -1. -1. -1. -1. -1. -1. -1. -1. -1. -1. -1. -1. -1.
 -1. -1. -1. -1. -1. -1. -1. -1. -1. -1. -1. -1. -1. -1. -1. -1. -1. -1.
 -1. -1. -1. -1. -1. -1. -1. -1. -1. -1. -1. -1. -1. -1. -1. -1. -1. -1.
 -1. -1.]
2025-02-19 15:40:02,122 - INFO - CNN-6_CIFAR10_batch_128 - Total Unique Activation Patterns Found: 1
2025-02-19 15:40:03,855 - INFO - CNN-6_CIFAR10_batch_128 - Epoch 42/300 | Loss: 900.3401 | Train Acc: 9.92%
2025-02-19 15:40:03,856 - INFO - CNN-6_CIFAR10_batch_128 - Epoch 43/300 | Model: CNN-6 | Dataset: CIFAR10
2025-02-19 15:40:14,735 - INFO - CNN-6_CIFAR10_batch_128 - 🔎 Computing unique activation patterns for 50000 samples...
2025-02-19 15:40:14,750 - DEBUG - CNN-6_CIFAR10_batch_128 - First activation row (before binarization):
[0. 0. 0. 0. 0. 0. 0. 0. 0. 0. 0. 0. 0. 0. 0. 0. 0. 0. 0. 0. 0. 0. 0. 0.
 0. 0. 0. 0. 0. 0. 0. 0. 0. 0. 0. 0. 0. 0. 0. 0. 0. 0. 0. 0. 0. 0. 0. 0.
 0. 0. 0. 0. 0. 0. 0. 0. 0. 0. 0. 0. 0. 0. 0. 0. 0. 0. 0. 0. 0. 0. 0. 0.
 0. 0. 0. 0. 0. 0. 0. 0. 0. 0. 0. 0. 0. 0. 0. 0. 0. 0. 0. 0. 0. 0. 0. 0.
 0. 0. 0. 0. 0. 0. 0. 0. 0. 0. 0. 0. 0. 0. 0. 0. 0. 0. 0. 0. 0. 0. 0. 0.
 0. 0. 0. 0. 0. 0. 0. 0.]
2025-02-19 15:40:14,750 - DEBUG - CNN-6_CIFAR10_batch_128 - First binarized pattern:
[-1. -1. -1. -1. -1. -1. -1. -1. -1. -1. -1. -1. -1. -1. -1. -1. -1. -1.
 -1. -1. -1. -1. -1. -1. -1. -1. -1. -1. -1. -1. -1. -1. -1. -1. -1. -1.
 -1. -1. -1. -1. -1. -1. -1. -1. -1. -1. -1. -1. -1. -1. -1. -1. -1. -1.
 -1. -1. -1. -1. -1. -1. -1. -1. -1. -1. -1. -1. -1. -1. -1. -1. -1. -1.
 -1. -1. -1. -1. -1. -1. -1. -1. -1. -1. -1. -1. -1. -1. -1. -1. -1. -1.
 -1. -1. -1. -1. -1. -1. -1. -1. -1. -1. -1. -1. -1. -1. -1. -1. -1. -1.
 -1. -1. -1. -1. -1. -1. -1. -1. -1. -1. -1. -1. -1. -1. -1. -1. -1. -1.
 -1. -1.]
2025-02-19 15:40:15,120 - INFO - CNN-6_CIFAR10_batch_128 - Total Unique Activation Patterns Found: 1
2025-02-19 15:40:16,833 - INFO - CNN-6_CIFAR10_batch_128 - Epoch 43/300 | Loss: 900.3484 | Train Acc: 9.89%
2025-02-19 15:40:16,834 - INFO - CNN-6_CIFAR10_batch_128 - Epoch 44/300 | Model: CNN-6 | Dataset: CIFAR10
