2025-02-19 17:29:50,717 - INFO - CNN-6_CIFAR10_batch_128 - Starting Training | Model: CNN-6 | Dataset: CIFAR10 | Batch Size: 128
2025-02-19 17:29:55,003 - INFO - CNN-6_CIFAR10_batch_128 - Hook registered on classifier layer 4.
2025-02-19 17:29:55,003 - INFO - CNN-6_CIFAR10_batch_128 - Epoch 1/1 | Training started.
2025-02-19 17:30:07,643 - INFO - CNN-6_CIFAR10_batch_128 - 🔎 Computing unique activation patterns for 50000 samples...
2025-02-19 17:30:07,679 - DEBUG - CNN-6_CIFAR10_batch_128 - First activation row (before binarization):
[0.         0.02362061 0.00394821 0.04879761 0.         0.
 0.02342224 0.         0.0368042  0.         0.04620361 0.
 0.         0.025177   0.         0.00801849 0.02716064 0.02767944
 0.05410767 0.01428986 0.00387955 0.         0.04650879 0.01829529
 0.0184021  0.         0.         0.         0.         0.01963806
 0.03848267 0.04144287 0.         0.         0.01508331 0.02453613
 0.03753662 0.         0.00758362 0.04391479 0.         0.03314209
 0.         0.         0.         0.         0.         0.0262146
 0.02822876 0.         0.03222656 0.         0.         0.
 0.         0.         0.         0.02281189 0.0279541  0.0236969
 0.         0.         0.         0.         0.         0.00292969
 0.         0.         0.00686264 0.01428223 0.         0.
 0.03414917 0.         0.         0.00488281 0.         0.01727295
 0.04232788 0.         0.05090332 0.03207397 0.02069092 0.0031147
 0.         0.00178623 0.01203918 0.         0.         0.
 0.04748535 0.         0.01255035 0.         0.         0.03311157
 0.00869751 0.03234863 0.02856445 0.         0.         0.01737976
 0.04364014 0.         0.         0.         0.         0.03952026
 0.00026226 0.00066137 0.         0.00255203 0.         0.
 0.01901245 0.01076508 0.01268768 0.         0.         0.
 0.04367065 0.03414917 0.00149059 0.02056885 0.03036499 0.0176239
 0.         0.00679398]
2025-02-19 17:30:07,680 - DEBUG - CNN-6_CIFAR10_batch_128 - First binarized pattern:
[-1.  1.  1.  1. -1. -1.  1. -1.  1. -1.  1. -1. -1.  1. -1.  1.  1.  1.
  1.  1.  1. -1.  1.  1.  1. -1. -1. -1. -1.  1.  1.  1. -1. -1.  1.  1.
  1. -1.  1.  1. -1.  1. -1. -1. -1. -1. -1.  1.  1. -1.  1. -1. -1. -1.
 -1. -1. -1.  1.  1.  1. -1. -1. -1. -1. -1.  1. -1. -1.  1.  1. -1. -1.
  1. -1. -1.  1. -1.  1.  1. -1.  1.  1.  1.  1. -1.  1.  1. -1. -1. -1.
  1. -1.  1. -1. -1.  1.  1.  1.  1. -1. -1.  1.  1. -1. -1. -1. -1.  1.
  1.  1. -1.  1. -1. -1.  1.  1.  1. -1. -1. -1.  1.  1.  1.  1.  1.  1.
 -1.  1.]
2025-02-19 17:30:08,106 - INFO - CNN-6_CIFAR10_batch_128 - Total Unique Activation Patterns Found: 42749
2025-02-19 17:30:09,935 - INFO - CNN-6_CIFAR10_batch_128 - Epoch 1/1 | Loss: 1.5830 | Train Acc: 41.45% | Test Acc: 56.63% | PRS Ratio: 0.8550
2025-02-19 17:30:09,941 - INFO - CNN-6_CIFAR10_batch_128 - Activations shape: (50000, 128)
2025-02-19 17:30:09,941 - INFO - CNN-6_CIFAR10_batch_128 - Labels shape: (50000,)
2025-02-19 17:30:09,941 - INFO - CNN-6_CIFAR10_batch_128 - Number of classes: 10
2025-02-19 17:30:11,554 - INFO - CNN-6_CIFAR10_batch_128 - Class 0 | Total Samples: 5000 | Decision Regions: 4628
2025-02-19 17:30:11,556 - INFO - CNN-6_CIFAR10_batch_128 - Class 1 | Total Samples: 5000 | Decision Regions: 4481
2025-02-19 17:30:11,559 - INFO - CNN-6_CIFAR10_batch_128 - Class 2 | Total Samples: 5000 | Decision Regions: 4759
2025-02-19 17:30:11,562 - INFO - CNN-6_CIFAR10_batch_128 - Class 3 | Total Samples: 5000 | Decision Regions: 4801
2025-02-19 17:30:11,564 - INFO - CNN-6_CIFAR10_batch_128 - Class 4 | Total Samples: 5000 | Decision Regions: 4639
2025-02-19 17:30:11,567 - INFO - CNN-6_CIFAR10_batch_128 - Class 5 | Total Samples: 5000 | Decision Regions: 4787
2025-02-19 17:30:11,569 - INFO - CNN-6_CIFAR10_batch_128 - Class 6 | Total Samples: 5000 | Decision Regions: 4477
2025-02-19 17:30:11,572 - INFO - CNN-6_CIFAR10_batch_128 - Class 7 | Total Samples: 5000 | Decision Regions: 4850
2025-02-19 17:30:11,574 - INFO - CNN-6_CIFAR10_batch_128 - Class 8 | Total Samples: 5000 | Decision Regions: 4521
2025-02-19 17:30:11,577 - INFO - CNN-6_CIFAR10_batch_128 - Class 9 | Total Samples: 5000 | Decision Regions: 4607
2025-02-19 17:30:11,977 - INFO - CNN-6_CIFAR10_batch_128 - Major region statistics saved to results/major_regions_CNN-6_CIFAR10_batch_128.json
2025-02-19 17:30:18,339 - INFO - CNN-6_CIFAR10_batch_128 - Activation pattern mapping saved to results/activation_patterns_CNN-6_CIFAR10_batch_128.json
2025-02-19 17:30:18,420 - INFO - CNN-6_CIFAR10_batch_128 - Model and metadata saved in models/saved/CIFAR10_batch_128
2025-02-19 17:30:18,420 - INFO - CNN-6_CIFAR10_batch_128 - Training completed for Model: CNN-6, Dataset: CIFAR10, Batch Size: 128
2025-02-19 17:30:18,421 - INFO - CNN-6_CIFAR10_batch_128 - Training Complete
