2025-02-18 16:34:04,778 - INFO - UnknownModel_UnknownDataset_batch_0 - 🔍 Computing unique activation patterns for 60000 samples...
2025-02-18 16:34:04,915 - DEBUG - UnknownModel_UnknownDataset_batch_0 - 🛠️ First 5 activation rows (before binarization):
[[0.006275  0.        0.0249    0.03534   0.        0.01599   0.
  0.        0.        0.        0.        0.0323    0.02362   0.
  0.        0.011986  0.        0.        0.        0.        0.
  0.        0.        0.004593  0.        0.0165    0.014595  0.05103
  0.        0.        0.02995   0.        0.004913  0.        0.00814
  0.        0.04538   0.        0.        0.        0.01022   0.0462
  0.        0.02907   0.003149  0.        0.        0.01296   0.03116
  0.0466    0.        0.        0.        0.        0.        0.
  0.01936   0.005302  0.        0.        0.        0.0496    0.003212
  0.01862   0.        0.        0.01199   0.        0.        0.04968
  0.        0.01155   0.02083   0.01033   0.        0.0001342 0.
  0.        0.        0.        0.        0.        0.05212   0.01506
  0.01235   0.        0.        0.03705   0.008965  0.0396    0.
  0.        0.        0.001041  0.052     0.        0.        0.
  0.        0.        0.01782   0.        0.02815   0.006004  0.
  0.01474   0.04367   0.03293   0.        0.0353    0.        0.
  0.        0.        0.01646   0.01642   0.04626   0.005726  0.
  0.01148   0.0414    0.00837   0.03375   0.01646   0.        0.01712
  0.        0.01112  ]
 [0.0069    0.        0.02467   0.03513   0.        0.01584   0.
  0.        0.        0.        0.        0.033     0.02374   0.
  0.        0.01241   0.        0.        0.        0.        0.
  0.        0.        0.005135  0.        0.01692   0.01456   0.05133
  0.        0.        0.02887   0.        0.004726  0.        0.008484
  0.        0.04556   0.        0.        0.        0.01056   0.04596
  0.        0.03024   0.0021    0.        0.        0.012474  0.03008
  0.04572   0.        0.        0.0002449 0.        0.        0.
  0.01823   0.00505   0.        0.        0.        0.0494    0.003511
  0.0189    0.        0.        0.01133   0.        0.        0.0501
  0.        0.01239   0.0205    0.00945   0.        0.000431  0.
  0.        0.        0.        0.        0.        0.0524    0.01527
  0.01253   0.        0.        0.0373    0.009094  0.03946   0.
  0.        0.        0.001757  0.0518    0.        0.        0.
  0.        0.        0.01866   0.        0.02792   0.00592   0.
  0.015175  0.04373   0.0323    0.        0.03564   0.        0.
  0.        0.        0.01659   0.01659   0.04584   0.006657  0.
  0.01137   0.0406    0.00808   0.03317   0.0164    0.        0.017
  0.        0.011604 ]
 [0.006954  0.        0.02553   0.03555   0.        0.015564  0.
  0.        0.        0.        0.        0.03162   0.02313   0.
  0.        0.01211   0.        0.        0.        0.        0.
  0.        0.        0.005272  0.        0.01678   0.014404  0.05093
  0.        0.        0.02917   0.        0.004078  0.        0.00828
  0.        0.04584   0.        0.        0.        0.01034   0.046
  0.        0.03065   0.001737  0.        0.        0.012596  0.03012
  0.0459    0.        0.        0.0001462 0.        0.        0.
  0.01846   0.005417  0.        0.        0.        0.04895   0.003426
  0.0187    0.        0.        0.01227   0.        0.        0.05017
  0.        0.01248   0.02025   0.01013   0.        0.000868  0.
  0.        0.        0.        0.        0.        0.0521    0.01559
  0.01236   0.        0.        0.03705   0.00908   0.03983   0.
  0.        0.        0.001847  0.05182   0.        0.        0.
  0.        0.        0.01866   0.        0.02852   0.00551   0.
  0.015335  0.04382   0.0319    0.        0.03635   0.        0.
  0.        0.        0.01685   0.01588   0.04575   0.006355  0.
  0.01172   0.0407    0.00818   0.03394   0.0166    0.        0.01682
  0.        0.01172  ]
 [0.00639   0.        0.02492   0.03482   0.        0.0156    0.
  0.        0.        0.        0.        0.03204   0.02411   0.
  0.        0.01159   0.        0.        0.        0.        0.
  0.        0.        0.004734  0.        0.01714   0.01534   0.05103
  0.        0.        0.02948   0.        0.00503   0.        0.00785
  0.        0.04547   0.        0.        0.        0.0105    0.04596
  0.        0.03053   0.002981  0.        0.        0.01256   0.03049
  0.04584   0.        0.        0.        0.        0.        0.
  0.01814   0.00521   0.        0.        0.        0.04907   0.003572
  0.01926   0.        0.        0.012115  0.        0.        0.0501
  0.        0.01177   0.02104   0.009415  0.        0.001088  0.
  0.        0.        0.        0.        0.        0.05203   0.01491
  0.01288   0.        0.        0.03717   0.00895   0.03912   0.
  0.        0.        0.002275  0.0522    0.        0.        0.
  0.        0.        0.01817   0.        0.02815   0.0058    0.
  0.01514   0.04343   0.03256   0.        0.03546   0.        0.
  0.        0.        0.01585   0.01593   0.04642   0.00619   0.
  0.0117    0.04147   0.00798   0.03394   0.01685   0.        0.01656
  0.        0.012375 ]
 [0.006535  0.        0.02516   0.03552   0.        0.01544   0.
  0.        0.        0.        0.        0.03137   0.02408   0.
  0.        0.011955  0.        0.        0.        0.        0.
  0.        0.        0.003872  0.        0.01654   0.01576   0.05103
  0.        0.        0.02988   0.        0.00474   0.        0.007744
  0.        0.04596   0.        0.        0.        0.01017   0.04626
  0.        0.0291    0.003286  0.        0.        0.01186   0.03055
  0.04654   0.        0.        0.0003424 0.        0.        0.
  0.01929   0.005497  0.        0.        0.        0.04977   0.003983
  0.01842   0.        0.        0.012146  0.        0.        0.04962
  0.        0.01222   0.02103   0.01011   0.        0.00058   0.
  0.        0.        0.        0.        0.        0.05295   0.015
  0.01185   0.        0.        0.03763   0.00857   0.03934   0.
  0.        0.        0.0007806 0.0518    0.        0.        0.
  0.        0.        0.01788   0.        0.02805   0.0063    0.
  0.0146    0.04315   0.0327    0.        0.03476   0.        0.
  0.        0.        0.01671   0.01637   0.04608   0.005928  0.
  0.01094   0.04117   0.00848   0.03333   0.01637   0.        0.0172
  0.        0.010826 ]]
2025-02-18 16:34:04,917 - DEBUG - UnknownModel_UnknownDataset_batch_0 - 🛠️ First 5 binarized patterns:
[[ 1. -1.  1.  1. -1.  1. -1. -1. -1. -1. -1.  1.  1. -1. -1.  1. -1. -1.
  -1. -1. -1. -1. -1.  1. -1.  1.  1.  1. -1. -1.  1. -1.  1. -1.  1. -1.
   1. -1. -1. -1.  1.  1. -1.  1.  1. -1. -1.  1.  1.  1. -1. -1. -1. -1.
  -1. -1.  1.  1. -1. -1. -1.  1.  1.  1. -1. -1.  1. -1. -1.  1. -1.  1.
   1.  1. -1.  1. -1. -1. -1. -1. -1. -1.  1.  1.  1. -1. -1.  1.  1.  1.
  -1. -1. -1.  1.  1. -1. -1. -1. -1. -1.  1. -1.  1.  1. -1.  1.  1.  1.
  -1.  1. -1. -1. -1. -1.  1.  1.  1.  1. -1.  1.  1.  1.  1.  1. -1.  1.
  -1.  1.]
 [ 1. -1.  1.  1. -1.  1. -1. -1. -1. -1. -1.  1.  1. -1. -1.  1. -1. -1.
  -1. -1. -1. -1. -1.  1. -1.  1.  1.  1. -1. -1.  1. -1.  1. -1.  1. -1.
   1. -1. -1. -1.  1.  1. -1.  1.  1. -1. -1.  1.  1.  1. -1. -1.  1. -1.
  -1. -1.  1.  1. -1. -1. -1.  1.  1.  1. -1. -1.  1. -1. -1.  1. -1.  1.
   1.  1. -1.  1. -1. -1. -1. -1. -1. -1.  1.  1.  1. -1. -1.  1.  1.  1.
  -1. -1. -1.  1.  1. -1. -1. -1. -1. -1.  1. -1.  1.  1. -1.  1.  1.  1.
  -1.  1. -1. -1. -1. -1.  1.  1.  1.  1. -1.  1.  1.  1.  1.  1. -1.  1.
  -1.  1.]
 [ 1. -1.  1.  1. -1.  1. -1. -1. -1. -1. -1.  1.  1. -1. -1.  1. -1. -1.
  -1. -1. -1. -1. -1.  1. -1.  1.  1.  1. -1. -1.  1. -1.  1. -1.  1. -1.
   1. -1. -1. -1.  1.  1. -1.  1.  1. -1. -1.  1.  1.  1. -1. -1.  1. -1.
  -1. -1.  1.  1. -1. -1. -1.  1.  1.  1. -1. -1.  1. -1. -1.  1. -1.  1.
   1.  1. -1.  1. -1. -1. -1. -1. -1. -1.  1.  1.  1. -1. -1.  1.  1.  1.
  -1. -1. -1.  1.  1. -1. -1. -1. -1. -1.  1. -1.  1.  1. -1.  1.  1.  1.
  -1.  1. -1. -1. -1. -1.  1.  1.  1.  1. -1.  1.  1.  1.  1.  1. -1.  1.
  -1.  1.]
 [ 1. -1.  1.  1. -1.  1. -1. -1. -1. -1. -1.  1.  1. -1. -1.  1. -1. -1.
  -1. -1. -1. -1. -1.  1. -1.  1.  1.  1. -1. -1.  1. -1.  1. -1.  1. -1.
   1. -1. -1. -1.  1.  1. -1.  1.  1. -1. -1.  1.  1.  1. -1. -1. -1. -1.
  -1. -1.  1.  1. -1. -1. -1.  1.  1.  1. -1. -1.  1. -1. -1.  1. -1.  1.
   1.  1. -1.  1. -1. -1. -1. -1. -1. -1.  1.  1.  1. -1. -1.  1.  1.  1.
  -1. -1. -1.  1.  1. -1. -1. -1. -1. -1.  1. -1.  1.  1. -1.  1.  1.  1.
  -1.  1. -1. -1. -1. -1.  1.  1.  1.  1. -1.  1.  1.  1.  1.  1. -1.  1.
  -1.  1.]
 [ 1. -1.  1.  1. -1.  1. -1. -1. -1. -1. -1.  1.  1. -1. -1.  1. -1. -1.
  -1. -1. -1. -1. -1.  1. -1.  1.  1.  1. -1. -1.  1. -1.  1. -1.  1. -1.
   1. -1. -1. -1.  1.  1. -1.  1.  1. -1. -1.  1.  1.  1. -1. -1.  1. -1.
  -1. -1.  1.  1. -1. -1. -1.  1.  1.  1. -1. -1.  1. -1. -1.  1. -1.  1.
   1.  1. -1.  1. -1. -1. -1. -1. -1. -1.  1.  1.  1. -1. -1.  1.  1.  1.
  -1. -1. -1.  1.  1. -1. -1. -1. -1. -1.  1. -1.  1.  1. -1.  1.  1.  1.
  -1.  1. -1. -1. -1. -1.  1.  1.  1.  1. -1.  1.  1.  1.  1.  1. -1.  1.
  -1.  1.]]
2025-02-18 16:34:06,083 - INFO - UnknownModel_UnknownDataset_batch_0 - ✅ Total Unique Activation Patterns Found: 43412
